2018-10-07 15:14:24 INFO  ConsumerConfig:178 - ConsumerConfig values: 
	metric.reporters = []
	metadata.max.age.ms = 300000
	partition.assignment.strategy = [org.apache.kafka.clients.consumer.RangeAssignor]
	reconnect.backoff.ms = 50
	sasl.kerberos.ticket.renew.window.factor = 0.8
	max.partition.fetch.bytes = 1048576
	bootstrap.servers = [localhost:9092]
	ssl.keystore.type = JKS
	enable.auto.commit = true
	sasl.mechanism = GSSAPI
	interceptor.classes = null
	exclude.internal.topics = true
	ssl.truststore.password = null
	client.id = 
	ssl.endpoint.identification.algorithm = null
	max.poll.records = 2147483647
	check.crcs = true
	request.timeout.ms = 40000
	heartbeat.interval.ms = 3000
	auto.commit.interval.ms = 5000
	receive.buffer.bytes = 65536
	ssl.truststore.type = JKS
	ssl.truststore.location = null
	ssl.keystore.password = null
	fetch.min.bytes = 1
	send.buffer.bytes = 131072
	value.deserializer = class org.apache.kafka.common.serialization.StringDeserializer
	group.id = test
	retry.backoff.ms = 100
	sasl.kerberos.kinit.cmd = /usr/bin/kinit
	sasl.kerberos.service.name = null
	sasl.kerberos.ticket.renew.jitter = 0.05
	ssl.trustmanager.algorithm = PKIX
	ssl.key.password = null
	fetch.max.wait.ms = 500
	sasl.kerberos.min.time.before.relogin = 60000
	connections.max.idle.ms = 540000
	session.timeout.ms = 30000
	metrics.num.samples = 2
	key.deserializer = class org.apache.kafka.common.serialization.StringDeserializer
	ssl.protocol = TLS
	ssl.provider = null
	ssl.enabled.protocols = [TLSv1.2, TLSv1.1, TLSv1]
	ssl.keystore.location = null
	ssl.cipher.suites = null
	security.protocol = PLAINTEXT
	ssl.keymanager.algorithm = SunX509
	metrics.sample.window.ms = 30000
	auto.offset.reset = latest

2018-10-07 15:14:24 DEBUG KafkaConsumer:597 - Starting the Kafka consumer
2018-10-07 15:14:25 DEBUG Metadata:180 - Updated cluster metadata version 1 to Cluster(nodes = [localhost:9092 (id: -1 rack: null)], partitions = [])
2018-10-07 15:14:25 DEBUG Metrics:296 - Added sensor with name connections-closed:
2018-10-07 15:14:25 DEBUG Metrics:296 - Added sensor with name connections-created:
2018-10-07 15:14:25 DEBUG Metrics:296 - Added sensor with name bytes-sent-received:
2018-10-07 15:14:25 DEBUG Metrics:296 - Added sensor with name bytes-sent:
2018-10-07 15:14:25 DEBUG Metrics:296 - Added sensor with name bytes-received:
2018-10-07 15:14:25 DEBUG Metrics:296 - Added sensor with name select-time:
2018-10-07 15:14:25 DEBUG Metrics:296 - Added sensor with name io-time:
2018-10-07 15:14:25 INFO  ConsumerConfig:178 - ConsumerConfig values: 
	metric.reporters = []
	metadata.max.age.ms = 300000
	partition.assignment.strategy = [org.apache.kafka.clients.consumer.RangeAssignor]
	reconnect.backoff.ms = 50
	sasl.kerberos.ticket.renew.window.factor = 0.8
	max.partition.fetch.bytes = 1048576
	bootstrap.servers = [localhost:9092]
	ssl.keystore.type = JKS
	enable.auto.commit = true
	sasl.mechanism = GSSAPI
	interceptor.classes = null
	exclude.internal.topics = true
	ssl.truststore.password = null
	client.id = consumer-1
	ssl.endpoint.identification.algorithm = null
	max.poll.records = 2147483647
	check.crcs = true
	request.timeout.ms = 40000
	heartbeat.interval.ms = 3000
	auto.commit.interval.ms = 5000
	receive.buffer.bytes = 65536
	ssl.truststore.type = JKS
	ssl.truststore.location = null
	ssl.keystore.password = null
	fetch.min.bytes = 1
	send.buffer.bytes = 131072
	value.deserializer = class org.apache.kafka.common.serialization.StringDeserializer
	group.id = test
	retry.backoff.ms = 100
	sasl.kerberos.kinit.cmd = /usr/bin/kinit
	sasl.kerberos.service.name = null
	sasl.kerberos.ticket.renew.jitter = 0.05
	ssl.trustmanager.algorithm = PKIX
	ssl.key.password = null
	fetch.max.wait.ms = 500
	sasl.kerberos.min.time.before.relogin = 60000
	connections.max.idle.ms = 540000
	session.timeout.ms = 30000
	metrics.num.samples = 2
	key.deserializer = class org.apache.kafka.common.serialization.StringDeserializer
	ssl.protocol = TLS
	ssl.provider = null
	ssl.enabled.protocols = [TLSv1.2, TLSv1.1, TLSv1]
	ssl.keystore.location = null
	ssl.cipher.suites = null
	security.protocol = PLAINTEXT
	ssl.keymanager.algorithm = SunX509
	metrics.sample.window.ms = 30000
	auto.offset.reset = latest

2018-10-07 15:14:25 DEBUG Metrics:296 - Added sensor with name heartbeat-latency
2018-10-07 15:14:25 DEBUG Metrics:296 - Added sensor with name join-latency
2018-10-07 15:14:25 DEBUG Metrics:296 - Added sensor with name sync-latency
2018-10-07 15:14:25 DEBUG Metrics:296 - Added sensor with name commit-latency
2018-10-07 15:14:25 DEBUG Metrics:296 - Added sensor with name bytes-fetched
2018-10-07 15:14:25 DEBUG Metrics:296 - Added sensor with name records-fetched
2018-10-07 15:14:25 DEBUG Metrics:296 - Added sensor with name fetch-latency
2018-10-07 15:14:25 DEBUG Metrics:296 - Added sensor with name records-lag
2018-10-07 15:14:25 DEBUG Metrics:296 - Added sensor with name fetch-throttle-time
2018-10-07 15:14:25 WARN  ConsumerConfig:186 - The configuration session.timeout = 10000 was supplied but isn't a known config.
2018-10-07 15:14:25 INFO  AppInfoParser:83 - Kafka version : 0.10.0.1
2018-10-07 15:14:25 INFO  AppInfoParser:84 - Kafka commitId : a7a17cdec9eaa6c5
2018-10-07 15:14:25 DEBUG KafkaConsumer:696 - Kafka consumer created
2018-10-07 15:14:25 DEBUG KafkaConsumer:802 - Subscribed to topic(s): messages
2018-10-07 15:14:25 DEBUG AbstractCoordinator:476 - Sending coordinator request for group test to broker localhost:9092 (id: -1 rack: null)
2018-10-07 15:14:25 DEBUG NetworkClient:496 - Initiating connection to node -1 at localhost:9092.
2018-10-07 15:14:25 DEBUG Metrics:296 - Added sensor with name node--1.bytes-sent
2018-10-07 15:14:25 DEBUG Metrics:296 - Added sensor with name node--1.bytes-received
2018-10-07 15:14:25 DEBUG Metrics:296 - Added sensor with name node--1.latency
2018-10-07 15:14:25 DEBUG Selector:345 - Connection with localhost/127.0.0.1 disconnected
java.net.ConnectException: Connection refused
	at sun.nio.ch.SocketChannelImpl.checkConnect(Native Method)
	at sun.nio.ch.SocketChannelImpl.finishConnect(SocketChannelImpl.java:717)
	at org.apache.kafka.common.network.PlaintextTransportLayer.finishConnect(PlaintextTransportLayer.java:51)
	at org.apache.kafka.common.network.KafkaChannel.finishConnect(KafkaChannel.java:73)
	at org.apache.kafka.common.network.Selector.pollSelectionKeys(Selector.java:309)
	at org.apache.kafka.common.network.Selector.poll(Selector.java:283)
	at org.apache.kafka.clients.NetworkClient.poll(NetworkClient.java:260)
	at org.apache.kafka.clients.consumer.internals.ConsumerNetworkClient.clientPoll(ConsumerNetworkClient.java:360)
	at org.apache.kafka.clients.consumer.internals.ConsumerNetworkClient.poll(ConsumerNetworkClient.java:224)
	at org.apache.kafka.clients.consumer.internals.ConsumerNetworkClient.poll(ConsumerNetworkClient.java:192)
	at org.apache.kafka.clients.consumer.internals.ConsumerNetworkClient.poll(ConsumerNetworkClient.java:163)
	at org.apache.kafka.clients.consumer.internals.AbstractCoordinator.ensureCoordinatorReady(AbstractCoordinator.java:179)
	at org.apache.kafka.clients.consumer.KafkaConsumer.pollOnce(KafkaConsumer.java:974)
	at org.apache.kafka.clients.consumer.KafkaConsumer.poll(KafkaConsumer.java:938)
	at consumers.ConsumerWithMetrics.main(ConsumerWithMetrics.java:16)
2018-10-07 15:14:25 DEBUG NetworkClient:463 - Node -1 disconnected.
2018-10-07 15:14:25 DEBUG ConsumerNetworkClient:422 - Cancelled GROUP_COORDINATOR request ClientRequest(expectResponse=true, callback=org.apache.kafka.clients.consumer.internals.ConsumerNetworkClient$RequestFutureCompletionHandler@22a67b4, request=RequestSend(header={api_key=10,api_version=0,correlation_id=0,client_id=consumer-1}, body={group_id=test}), createdTimeMs=1538914465521, sendTimeMs=0) with correlation id 0 due to node -1 being disconnected
2018-10-07 15:14:25 DEBUG NetworkClient:625 - Give up sending metadata request since no node is available
2018-10-07 15:14:25 DEBUG NetworkClient:644 - Initialize connection to node -1 for sending metadata request
2018-10-07 15:14:25 DEBUG NetworkClient:496 - Initiating connection to node -1 at localhost:9092.
2018-10-07 15:14:25 DEBUG Selector:345 - Connection with localhost/127.0.0.1 disconnected
java.net.ConnectException: Connection refused
	at sun.nio.ch.SocketChannelImpl.checkConnect(Native Method)
	at sun.nio.ch.SocketChannelImpl.finishConnect(SocketChannelImpl.java:717)
	at org.apache.kafka.common.network.PlaintextTransportLayer.finishConnect(PlaintextTransportLayer.java:51)
	at org.apache.kafka.common.network.KafkaChannel.finishConnect(KafkaChannel.java:73)
	at org.apache.kafka.common.network.Selector.pollSelectionKeys(Selector.java:309)
	at org.apache.kafka.common.network.Selector.poll(Selector.java:283)
	at org.apache.kafka.clients.NetworkClient.poll(NetworkClient.java:260)
	at org.apache.kafka.clients.consumer.internals.ConsumerNetworkClient.clientPoll(ConsumerNetworkClient.java:360)
	at org.apache.kafka.clients.consumer.internals.ConsumerNetworkClient.poll(ConsumerNetworkClient.java:224)
	at org.apache.kafka.clients.consumer.internals.ConsumerNetworkClient.poll(ConsumerNetworkClient.java:192)
	at org.apache.kafka.clients.consumer.internals.ConsumerNetworkClient.awaitMetadataUpdate(ConsumerNetworkClient.java:134)
	at org.apache.kafka.clients.consumer.internals.AbstractCoordinator.ensureCoordinatorReady(AbstractCoordinator.java:183)
	at org.apache.kafka.clients.consumer.KafkaConsumer.pollOnce(KafkaConsumer.java:974)
	at org.apache.kafka.clients.consumer.KafkaConsumer.poll(KafkaConsumer.java:938)
	at consumers.ConsumerWithMetrics.main(ConsumerWithMetrics.java:16)
2018-10-07 15:14:25 DEBUG NetworkClient:463 - Node -1 disconnected.
2018-10-07 15:14:25 DEBUG NetworkClient:625 - Give up sending metadata request since no node is available
2018-10-07 15:14:26 DEBUG NetworkClient:644 - Initialize connection to node -1 for sending metadata request
2018-10-07 15:14:26 DEBUG NetworkClient:496 - Initiating connection to node -1 at localhost:9092.
2018-10-07 15:14:26 DEBUG Selector:345 - Connection with localhost/127.0.0.1 disconnected
java.net.ConnectException: Connection refused
	at sun.nio.ch.SocketChannelImpl.checkConnect(Native Method)
	at sun.nio.ch.SocketChannelImpl.finishConnect(SocketChannelImpl.java:717)
	at org.apache.kafka.common.network.PlaintextTransportLayer.finishConnect(PlaintextTransportLayer.java:51)
	at org.apache.kafka.common.network.KafkaChannel.finishConnect(KafkaChannel.java:73)
	at org.apache.kafka.common.network.Selector.pollSelectionKeys(Selector.java:309)
	at org.apache.kafka.common.network.Selector.poll(Selector.java:283)
	at org.apache.kafka.clients.NetworkClient.poll(NetworkClient.java:260)
	at org.apache.kafka.clients.consumer.internals.ConsumerNetworkClient.clientPoll(ConsumerNetworkClient.java:360)
	at org.apache.kafka.clients.consumer.internals.ConsumerNetworkClient.poll(ConsumerNetworkClient.java:224)
	at org.apache.kafka.clients.consumer.internals.ConsumerNetworkClient.poll(ConsumerNetworkClient.java:192)
	at org.apache.kafka.clients.consumer.internals.ConsumerNetworkClient.awaitMetadataUpdate(ConsumerNetworkClient.java:134)
	at org.apache.kafka.clients.consumer.internals.AbstractCoordinator.ensureCoordinatorReady(AbstractCoordinator.java:183)
	at org.apache.kafka.clients.consumer.KafkaConsumer.pollOnce(KafkaConsumer.java:974)
	at org.apache.kafka.clients.consumer.KafkaConsumer.poll(KafkaConsumer.java:938)
	at consumers.ConsumerWithMetrics.main(ConsumerWithMetrics.java:16)
2018-10-07 15:14:26 DEBUG NetworkClient:463 - Node -1 disconnected.
2018-10-07 15:14:26 DEBUG NetworkClient:625 - Give up sending metadata request since no node is available
2018-10-07 15:14:26 DEBUG NetworkClient:644 - Initialize connection to node -1 for sending metadata request
2018-10-07 15:14:26 DEBUG NetworkClient:496 - Initiating connection to node -1 at localhost:9092.
2018-10-07 15:14:26 DEBUG Selector:345 - Connection with localhost/127.0.0.1 disconnected
java.net.ConnectException: Connection refused
	at sun.nio.ch.SocketChannelImpl.checkConnect(Native Method)
	at sun.nio.ch.SocketChannelImpl.finishConnect(SocketChannelImpl.java:717)
	at org.apache.kafka.common.network.PlaintextTransportLayer.finishConnect(PlaintextTransportLayer.java:51)
	at org.apache.kafka.common.network.KafkaChannel.finishConnect(KafkaChannel.java:73)
	at org.apache.kafka.common.network.Selector.pollSelectionKeys(Selector.java:309)
	at org.apache.kafka.common.network.Selector.poll(Selector.java:283)
	at org.apache.kafka.clients.NetworkClient.poll(NetworkClient.java:260)
	at org.apache.kafka.clients.consumer.internals.ConsumerNetworkClient.clientPoll(ConsumerNetworkClient.java:360)
	at org.apache.kafka.clients.consumer.internals.ConsumerNetworkClient.poll(ConsumerNetworkClient.java:224)
	at org.apache.kafka.clients.consumer.internals.ConsumerNetworkClient.poll(ConsumerNetworkClient.java:192)
	at org.apache.kafka.clients.consumer.internals.ConsumerNetworkClient.awaitMetadataUpdate(ConsumerNetworkClient.java:134)
	at org.apache.kafka.clients.consumer.internals.AbstractCoordinator.ensureCoordinatorReady(AbstractCoordinator.java:183)
	at org.apache.kafka.clients.consumer.KafkaConsumer.pollOnce(KafkaConsumer.java:974)
	at org.apache.kafka.clients.consumer.KafkaConsumer.poll(KafkaConsumer.java:938)
	at consumers.ConsumerWithMetrics.main(ConsumerWithMetrics.java:16)
2018-10-07 15:14:26 DEBUG NetworkClient:463 - Node -1 disconnected.
2018-10-07 15:14:26 DEBUG NetworkClient:625 - Give up sending metadata request since no node is available
2018-10-07 15:14:26 DEBUG NetworkClient:644 - Initialize connection to node -1 for sending metadata request
2018-10-07 15:14:26 DEBUG NetworkClient:496 - Initiating connection to node -1 at localhost:9092.
2018-10-07 15:14:26 DEBUG Selector:345 - Connection with localhost/127.0.0.1 disconnected
java.net.ConnectException: Connection refused
	at sun.nio.ch.SocketChannelImpl.checkConnect(Native Method)
	at sun.nio.ch.SocketChannelImpl.finishConnect(SocketChannelImpl.java:717)
	at org.apache.kafka.common.network.PlaintextTransportLayer.finishConnect(PlaintextTransportLayer.java:51)
	at org.apache.kafka.common.network.KafkaChannel.finishConnect(KafkaChannel.java:73)
	at org.apache.kafka.common.network.Selector.pollSelectionKeys(Selector.java:309)
	at org.apache.kafka.common.network.Selector.poll(Selector.java:283)
	at org.apache.kafka.clients.NetworkClient.poll(NetworkClient.java:260)
	at org.apache.kafka.clients.consumer.internals.ConsumerNetworkClient.clientPoll(ConsumerNetworkClient.java:360)
	at org.apache.kafka.clients.consumer.internals.ConsumerNetworkClient.poll(ConsumerNetworkClient.java:224)
	at org.apache.kafka.clients.consumer.internals.ConsumerNetworkClient.poll(ConsumerNetworkClient.java:192)
	at org.apache.kafka.clients.consumer.internals.ConsumerNetworkClient.awaitMetadataUpdate(ConsumerNetworkClient.java:134)
	at org.apache.kafka.clients.consumer.internals.AbstractCoordinator.ensureCoordinatorReady(AbstractCoordinator.java:183)
	at org.apache.kafka.clients.consumer.KafkaConsumer.pollOnce(KafkaConsumer.java:974)
	at org.apache.kafka.clients.consumer.KafkaConsumer.poll(KafkaConsumer.java:938)
	at consumers.ConsumerWithMetrics.main(ConsumerWithMetrics.java:16)
2018-10-07 15:14:26 DEBUG NetworkClient:463 - Node -1 disconnected.
2018-10-07 15:14:26 DEBUG NetworkClient:625 - Give up sending metadata request since no node is available
2018-10-07 15:14:26 DEBUG NetworkClient:644 - Initialize connection to node -1 for sending metadata request
2018-10-07 15:14:26 DEBUG NetworkClient:496 - Initiating connection to node -1 at localhost:9092.
2018-10-07 15:14:26 DEBUG Selector:345 - Connection with localhost/127.0.0.1 disconnected
java.net.ConnectException: Connection refused
	at sun.nio.ch.SocketChannelImpl.checkConnect(Native Method)
	at sun.nio.ch.SocketChannelImpl.finishConnect(SocketChannelImpl.java:717)
	at org.apache.kafka.common.network.PlaintextTransportLayer.finishConnect(PlaintextTransportLayer.java:51)
	at org.apache.kafka.common.network.KafkaChannel.finishConnect(KafkaChannel.java:73)
	at org.apache.kafka.common.network.Selector.pollSelectionKeys(Selector.java:309)
	at org.apache.kafka.common.network.Selector.poll(Selector.java:283)
	at org.apache.kafka.clients.NetworkClient.poll(NetworkClient.java:260)
	at org.apache.kafka.clients.consumer.internals.ConsumerNetworkClient.clientPoll(ConsumerNetworkClient.java:360)
	at org.apache.kafka.clients.consumer.internals.ConsumerNetworkClient.poll(ConsumerNetworkClient.java:224)
	at org.apache.kafka.clients.consumer.internals.ConsumerNetworkClient.poll(ConsumerNetworkClient.java:192)
	at org.apache.kafka.clients.consumer.internals.ConsumerNetworkClient.awaitMetadataUpdate(ConsumerNetworkClient.java:134)
	at org.apache.kafka.clients.consumer.internals.AbstractCoordinator.ensureCoordinatorReady(AbstractCoordinator.java:183)
	at org.apache.kafka.clients.consumer.KafkaConsumer.pollOnce(KafkaConsumer.java:974)
	at org.apache.kafka.clients.consumer.KafkaConsumer.poll(KafkaConsumer.java:938)
	at consumers.ConsumerWithMetrics.main(ConsumerWithMetrics.java:16)
2018-10-07 15:14:26 DEBUG NetworkClient:463 - Node -1 disconnected.
2018-10-07 15:14:26 DEBUG NetworkClient:625 - Give up sending metadata request since no node is available
2018-10-07 15:14:26 DEBUG NetworkClient:644 - Initialize connection to node -1 for sending metadata request
2018-10-07 15:14:26 DEBUG NetworkClient:496 - Initiating connection to node -1 at localhost:9092.
2018-10-07 15:14:26 DEBUG Selector:345 - Connection with localhost/127.0.0.1 disconnected
java.net.ConnectException: Connection refused
	at sun.nio.ch.SocketChannelImpl.checkConnect(Native Method)
	at sun.nio.ch.SocketChannelImpl.finishConnect(SocketChannelImpl.java:717)
	at org.apache.kafka.common.network.PlaintextTransportLayer.finishConnect(PlaintextTransportLayer.java:51)
	at org.apache.kafka.common.network.KafkaChannel.finishConnect(KafkaChannel.java:73)
	at org.apache.kafka.common.network.Selector.pollSelectionKeys(Selector.java:309)
	at org.apache.kafka.common.network.Selector.poll(Selector.java:283)
	at org.apache.kafka.clients.NetworkClient.poll(NetworkClient.java:260)
	at org.apache.kafka.clients.consumer.internals.ConsumerNetworkClient.clientPoll(ConsumerNetworkClient.java:360)
	at org.apache.kafka.clients.consumer.internals.ConsumerNetworkClient.poll(ConsumerNetworkClient.java:224)
	at org.apache.kafka.clients.consumer.internals.ConsumerNetworkClient.poll(ConsumerNetworkClient.java:192)
	at org.apache.kafka.clients.consumer.internals.ConsumerNetworkClient.awaitMetadataUpdate(ConsumerNetworkClient.java:134)
	at org.apache.kafka.clients.consumer.internals.AbstractCoordinator.ensureCoordinatorReady(AbstractCoordinator.java:183)
	at org.apache.kafka.clients.consumer.KafkaConsumer.pollOnce(KafkaConsumer.java:974)
	at org.apache.kafka.clients.consumer.KafkaConsumer.poll(KafkaConsumer.java:938)
	at consumers.ConsumerWithMetrics.main(ConsumerWithMetrics.java:16)
2018-10-07 15:14:26 DEBUG NetworkClient:463 - Node -1 disconnected.
2018-10-07 15:14:26 DEBUG NetworkClient:625 - Give up sending metadata request since no node is available
2018-10-07 15:14:26 DEBUG NetworkClient:644 - Initialize connection to node -1 for sending metadata request
2018-10-07 15:14:26 DEBUG NetworkClient:496 - Initiating connection to node -1 at localhost:9092.
2018-10-07 15:14:26 DEBUG Selector:345 - Connection with localhost/127.0.0.1 disconnected
java.net.ConnectException: Connection refused
	at sun.nio.ch.SocketChannelImpl.checkConnect(Native Method)
	at sun.nio.ch.SocketChannelImpl.finishConnect(SocketChannelImpl.java:717)
	at org.apache.kafka.common.network.PlaintextTransportLayer.finishConnect(PlaintextTransportLayer.java:51)
	at org.apache.kafka.common.network.KafkaChannel.finishConnect(KafkaChannel.java:73)
	at org.apache.kafka.common.network.Selector.pollSelectionKeys(Selector.java:309)
	at org.apache.kafka.common.network.Selector.poll(Selector.java:283)
	at org.apache.kafka.clients.NetworkClient.poll(NetworkClient.java:260)
	at org.apache.kafka.clients.consumer.internals.ConsumerNetworkClient.clientPoll(ConsumerNetworkClient.java:360)
	at org.apache.kafka.clients.consumer.internals.ConsumerNetworkClient.poll(ConsumerNetworkClient.java:224)
	at org.apache.kafka.clients.consumer.internals.ConsumerNetworkClient.poll(ConsumerNetworkClient.java:192)
	at org.apache.kafka.clients.consumer.internals.ConsumerNetworkClient.awaitMetadataUpdate(ConsumerNetworkClient.java:134)
	at org.apache.kafka.clients.consumer.internals.AbstractCoordinator.ensureCoordinatorReady(AbstractCoordinator.java:183)
	at org.apache.kafka.clients.consumer.KafkaConsumer.pollOnce(KafkaConsumer.java:974)
	at org.apache.kafka.clients.consumer.KafkaConsumer.poll(KafkaConsumer.java:938)
	at consumers.ConsumerWithMetrics.main(ConsumerWithMetrics.java:16)
2018-10-07 15:14:26 DEBUG NetworkClient:463 - Node -1 disconnected.
2018-10-07 15:14:26 DEBUG NetworkClient:625 - Give up sending metadata request since no node is available
2018-10-07 15:14:26 DEBUG NetworkClient:644 - Initialize connection to node -1 for sending metadata request
2018-10-07 15:14:26 DEBUG NetworkClient:496 - Initiating connection to node -1 at localhost:9092.
2018-10-07 15:14:26 DEBUG Selector:345 - Connection with localhost/127.0.0.1 disconnected
java.net.ConnectException: Connection refused
	at sun.nio.ch.SocketChannelImpl.checkConnect(Native Method)
	at sun.nio.ch.SocketChannelImpl.finishConnect(SocketChannelImpl.java:717)
	at org.apache.kafka.common.network.PlaintextTransportLayer.finishConnect(PlaintextTransportLayer.java:51)
	at org.apache.kafka.common.network.KafkaChannel.finishConnect(KafkaChannel.java:73)
	at org.apache.kafka.common.network.Selector.pollSelectionKeys(Selector.java:309)
	at org.apache.kafka.common.network.Selector.poll(Selector.java:283)
	at org.apache.kafka.clients.NetworkClient.poll(NetworkClient.java:260)
	at org.apache.kafka.clients.consumer.internals.ConsumerNetworkClient.clientPoll(ConsumerNetworkClient.java:360)
	at org.apache.kafka.clients.consumer.internals.ConsumerNetworkClient.poll(ConsumerNetworkClient.java:224)
	at org.apache.kafka.clients.consumer.internals.ConsumerNetworkClient.poll(ConsumerNetworkClient.java:192)
	at org.apache.kafka.clients.consumer.internals.ConsumerNetworkClient.awaitMetadataUpdate(ConsumerNetworkClient.java:134)
	at org.apache.kafka.clients.consumer.internals.AbstractCoordinator.ensureCoordinatorReady(AbstractCoordinator.java:183)
	at org.apache.kafka.clients.consumer.KafkaConsumer.pollOnce(KafkaConsumer.java:974)
	at org.apache.kafka.clients.consumer.KafkaConsumer.poll(KafkaConsumer.java:938)
	at consumers.ConsumerWithMetrics.main(ConsumerWithMetrics.java:16)
2018-10-07 15:14:26 DEBUG NetworkClient:463 - Node -1 disconnected.
2018-10-07 15:14:26 DEBUG NetworkClient:625 - Give up sending metadata request since no node is available
2018-10-07 15:14:26 DEBUG NetworkClient:644 - Initialize connection to node -1 for sending metadata request
2018-10-07 15:14:26 DEBUG NetworkClient:496 - Initiating connection to node -1 at localhost:9092.
2018-10-07 15:14:26 DEBUG Selector:345 - Connection with localhost/127.0.0.1 disconnected
java.net.ConnectException: Connection refused
	at sun.nio.ch.SocketChannelImpl.checkConnect(Native Method)
	at sun.nio.ch.SocketChannelImpl.finishConnect(SocketChannelImpl.java:717)
	at org.apache.kafka.common.network.PlaintextTransportLayer.finishConnect(PlaintextTransportLayer.java:51)
	at org.apache.kafka.common.network.KafkaChannel.finishConnect(KafkaChannel.java:73)
	at org.apache.kafka.common.network.Selector.pollSelectionKeys(Selector.java:309)
	at org.apache.kafka.common.network.Selector.poll(Selector.java:283)
	at org.apache.kafka.clients.NetworkClient.poll(NetworkClient.java:260)
	at org.apache.kafka.clients.consumer.internals.ConsumerNetworkClient.clientPoll(ConsumerNetworkClient.java:360)
	at org.apache.kafka.clients.consumer.internals.ConsumerNetworkClient.poll(ConsumerNetworkClient.java:224)
	at org.apache.kafka.clients.consumer.internals.ConsumerNetworkClient.poll(ConsumerNetworkClient.java:192)
	at org.apache.kafka.clients.consumer.internals.ConsumerNetworkClient.awaitMetadataUpdate(ConsumerNetworkClient.java:134)
	at org.apache.kafka.clients.consumer.internals.AbstractCoordinator.ensureCoordinatorReady(AbstractCoordinator.java:183)
	at org.apache.kafka.clients.consumer.KafkaConsumer.pollOnce(KafkaConsumer.java:974)
	at org.apache.kafka.clients.consumer.KafkaConsumer.poll(KafkaConsumer.java:938)
	at consumers.ConsumerWithMetrics.main(ConsumerWithMetrics.java:16)
2018-10-07 15:14:26 DEBUG NetworkClient:463 - Node -1 disconnected.
2018-10-07 15:14:26 DEBUG NetworkClient:625 - Give up sending metadata request since no node is available
2018-10-07 15:14:26 DEBUG NetworkClient:644 - Initialize connection to node -1 for sending metadata request
2018-10-07 15:14:26 DEBUG NetworkClient:496 - Initiating connection to node -1 at localhost:9092.
2018-10-07 15:14:26 DEBUG Selector:345 - Connection with localhost/127.0.0.1 disconnected
java.net.ConnectException: Connection refused
	at sun.nio.ch.SocketChannelImpl.checkConnect(Native Method)
	at sun.nio.ch.SocketChannelImpl.finishConnect(SocketChannelImpl.java:717)
	at org.apache.kafka.common.network.PlaintextTransportLayer.finishConnect(PlaintextTransportLayer.java:51)
	at org.apache.kafka.common.network.KafkaChannel.finishConnect(KafkaChannel.java:73)
	at org.apache.kafka.common.network.Selector.pollSelectionKeys(Selector.java:309)
	at org.apache.kafka.common.network.Selector.poll(Selector.java:283)
	at org.apache.kafka.clients.NetworkClient.poll(NetworkClient.java:260)
	at org.apache.kafka.clients.consumer.internals.ConsumerNetworkClient.clientPoll(ConsumerNetworkClient.java:360)
	at org.apache.kafka.clients.consumer.internals.ConsumerNetworkClient.poll(ConsumerNetworkClient.java:224)
	at org.apache.kafka.clients.consumer.internals.ConsumerNetworkClient.poll(ConsumerNetworkClient.java:192)
	at org.apache.kafka.clients.consumer.internals.ConsumerNetworkClient.awaitMetadataUpdate(ConsumerNetworkClient.java:134)
	at org.apache.kafka.clients.consumer.internals.AbstractCoordinator.ensureCoordinatorReady(AbstractCoordinator.java:183)
	at org.apache.kafka.clients.consumer.KafkaConsumer.pollOnce(KafkaConsumer.java:974)
	at org.apache.kafka.clients.consumer.KafkaConsumer.poll(KafkaConsumer.java:938)
	at consumers.ConsumerWithMetrics.main(ConsumerWithMetrics.java:16)
2018-10-07 15:14:26 DEBUG NetworkClient:463 - Node -1 disconnected.
2018-10-07 15:14:26 DEBUG NetworkClient:625 - Give up sending metadata request since no node is available
2018-10-07 15:14:27 DEBUG NetworkClient:644 - Initialize connection to node -1 for sending metadata request
2018-10-07 15:14:27 DEBUG NetworkClient:496 - Initiating connection to node -1 at localhost:9092.
2018-10-07 15:14:27 DEBUG Selector:345 - Connection with localhost/127.0.0.1 disconnected
java.net.ConnectException: Connection refused
	at sun.nio.ch.SocketChannelImpl.checkConnect(Native Method)
	at sun.nio.ch.SocketChannelImpl.finishConnect(SocketChannelImpl.java:717)
	at org.apache.kafka.common.network.PlaintextTransportLayer.finishConnect(PlaintextTransportLayer.java:51)
	at org.apache.kafka.common.network.KafkaChannel.finishConnect(KafkaChannel.java:73)
	at org.apache.kafka.common.network.Selector.pollSelectionKeys(Selector.java:309)
	at org.apache.kafka.common.network.Selector.poll(Selector.java:283)
	at org.apache.kafka.clients.NetworkClient.poll(NetworkClient.java:260)
	at org.apache.kafka.clients.consumer.internals.ConsumerNetworkClient.clientPoll(ConsumerNetworkClient.java:360)
	at org.apache.kafka.clients.consumer.internals.ConsumerNetworkClient.poll(ConsumerNetworkClient.java:224)
	at org.apache.kafka.clients.consumer.internals.ConsumerNetworkClient.poll(ConsumerNetworkClient.java:192)
	at org.apache.kafka.clients.consumer.internals.ConsumerNetworkClient.awaitMetadataUpdate(ConsumerNetworkClient.java:134)
	at org.apache.kafka.clients.consumer.internals.AbstractCoordinator.ensureCoordinatorReady(AbstractCoordinator.java:183)
	at org.apache.kafka.clients.consumer.KafkaConsumer.pollOnce(KafkaConsumer.java:974)
	at org.apache.kafka.clients.consumer.KafkaConsumer.poll(KafkaConsumer.java:938)
	at consumers.ConsumerWithMetrics.main(ConsumerWithMetrics.java:16)
2018-10-07 15:14:27 DEBUG NetworkClient:463 - Node -1 disconnected.
2018-10-07 15:14:27 DEBUG NetworkClient:625 - Give up sending metadata request since no node is available
2018-10-07 15:14:27 DEBUG NetworkClient:644 - Initialize connection to node -1 for sending metadata request
2018-10-07 15:14:27 DEBUG NetworkClient:496 - Initiating connection to node -1 at localhost:9092.
2018-10-07 15:14:27 DEBUG Selector:345 - Connection with localhost/127.0.0.1 disconnected
java.net.ConnectException: Connection refused
	at sun.nio.ch.SocketChannelImpl.checkConnect(Native Method)
	at sun.nio.ch.SocketChannelImpl.finishConnect(SocketChannelImpl.java:717)
	at org.apache.kafka.common.network.PlaintextTransportLayer.finishConnect(PlaintextTransportLayer.java:51)
	at org.apache.kafka.common.network.KafkaChannel.finishConnect(KafkaChannel.java:73)
	at org.apache.kafka.common.network.Selector.pollSelectionKeys(Selector.java:309)
	at org.apache.kafka.common.network.Selector.poll(Selector.java:283)
	at org.apache.kafka.clients.NetworkClient.poll(NetworkClient.java:260)
	at org.apache.kafka.clients.consumer.internals.ConsumerNetworkClient.clientPoll(ConsumerNetworkClient.java:360)
	at org.apache.kafka.clients.consumer.internals.ConsumerNetworkClient.poll(ConsumerNetworkClient.java:224)
	at org.apache.kafka.clients.consumer.internals.ConsumerNetworkClient.poll(ConsumerNetworkClient.java:192)
	at org.apache.kafka.clients.consumer.internals.ConsumerNetworkClient.awaitMetadataUpdate(ConsumerNetworkClient.java:134)
	at org.apache.kafka.clients.consumer.internals.AbstractCoordinator.ensureCoordinatorReady(AbstractCoordinator.java:183)
	at org.apache.kafka.clients.consumer.KafkaConsumer.pollOnce(KafkaConsumer.java:974)
	at org.apache.kafka.clients.consumer.KafkaConsumer.poll(KafkaConsumer.java:938)
	at consumers.ConsumerWithMetrics.main(ConsumerWithMetrics.java:16)
2018-10-07 15:14:27 DEBUG NetworkClient:463 - Node -1 disconnected.
2018-10-07 15:14:27 DEBUG NetworkClient:625 - Give up sending metadata request since no node is available
2018-10-07 15:14:27 DEBUG NetworkClient:644 - Initialize connection to node -1 for sending metadata request
2018-10-07 15:14:27 DEBUG NetworkClient:496 - Initiating connection to node -1 at localhost:9092.
2018-10-07 15:14:27 DEBUG Selector:345 - Connection with localhost/127.0.0.1 disconnected
java.net.ConnectException: Connection refused
	at sun.nio.ch.SocketChannelImpl.checkConnect(Native Method)
	at sun.nio.ch.SocketChannelImpl.finishConnect(SocketChannelImpl.java:717)
	at org.apache.kafka.common.network.PlaintextTransportLayer.finishConnect(PlaintextTransportLayer.java:51)
	at org.apache.kafka.common.network.KafkaChannel.finishConnect(KafkaChannel.java:73)
	at org.apache.kafka.common.network.Selector.pollSelectionKeys(Selector.java:309)
	at org.apache.kafka.common.network.Selector.poll(Selector.java:283)
	at org.apache.kafka.clients.NetworkClient.poll(NetworkClient.java:260)
	at org.apache.kafka.clients.consumer.internals.ConsumerNetworkClient.clientPoll(ConsumerNetworkClient.java:360)
	at org.apache.kafka.clients.consumer.internals.ConsumerNetworkClient.poll(ConsumerNetworkClient.java:224)
	at org.apache.kafka.clients.consumer.internals.ConsumerNetworkClient.poll(ConsumerNetworkClient.java:192)
	at org.apache.kafka.clients.consumer.internals.ConsumerNetworkClient.awaitMetadataUpdate(ConsumerNetworkClient.java:134)
	at org.apache.kafka.clients.consumer.internals.AbstractCoordinator.ensureCoordinatorReady(AbstractCoordinator.java:183)
	at org.apache.kafka.clients.consumer.KafkaConsumer.pollOnce(KafkaConsumer.java:974)
	at org.apache.kafka.clients.consumer.KafkaConsumer.poll(KafkaConsumer.java:938)
	at consumers.ConsumerWithMetrics.main(ConsumerWithMetrics.java:16)
2018-10-07 15:14:27 DEBUG NetworkClient:463 - Node -1 disconnected.
2018-10-07 15:14:27 DEBUG NetworkClient:625 - Give up sending metadata request since no node is available
2018-10-07 15:14:27 DEBUG NetworkClient:644 - Initialize connection to node -1 for sending metadata request
2018-10-07 15:14:27 DEBUG NetworkClient:496 - Initiating connection to node -1 at localhost:9092.
2018-10-07 15:14:27 DEBUG Selector:345 - Connection with localhost/127.0.0.1 disconnected
java.net.ConnectException: Connection refused
	at sun.nio.ch.SocketChannelImpl.checkConnect(Native Method)
	at sun.nio.ch.SocketChannelImpl.finishConnect(SocketChannelImpl.java:717)
	at org.apache.kafka.common.network.PlaintextTransportLayer.finishConnect(PlaintextTransportLayer.java:51)
	at org.apache.kafka.common.network.KafkaChannel.finishConnect(KafkaChannel.java:73)
	at org.apache.kafka.common.network.Selector.pollSelectionKeys(Selector.java:309)
	at org.apache.kafka.common.network.Selector.poll(Selector.java:283)
	at org.apache.kafka.clients.NetworkClient.poll(NetworkClient.java:260)
	at org.apache.kafka.clients.consumer.internals.ConsumerNetworkClient.clientPoll(ConsumerNetworkClient.java:360)
	at org.apache.kafka.clients.consumer.internals.ConsumerNetworkClient.poll(ConsumerNetworkClient.java:224)
	at org.apache.kafka.clients.consumer.internals.ConsumerNetworkClient.poll(ConsumerNetworkClient.java:192)
	at org.apache.kafka.clients.consumer.internals.ConsumerNetworkClient.awaitMetadataUpdate(ConsumerNetworkClient.java:134)
	at org.apache.kafka.clients.consumer.internals.AbstractCoordinator.ensureCoordinatorReady(AbstractCoordinator.java:183)
	at org.apache.kafka.clients.consumer.KafkaConsumer.pollOnce(KafkaConsumer.java:974)
	at org.apache.kafka.clients.consumer.KafkaConsumer.poll(KafkaConsumer.java:938)
	at consumers.ConsumerWithMetrics.main(ConsumerWithMetrics.java:16)
2018-10-07 15:14:27 DEBUG NetworkClient:463 - Node -1 disconnected.
2018-10-07 15:14:27 DEBUG NetworkClient:625 - Give up sending metadata request since no node is available
2018-10-07 15:14:27 DEBUG NetworkClient:644 - Initialize connection to node -1 for sending metadata request
2018-10-07 15:14:27 DEBUG NetworkClient:496 - Initiating connection to node -1 at localhost:9092.
2018-10-07 15:14:27 DEBUG Selector:345 - Connection with localhost/127.0.0.1 disconnected
java.net.ConnectException: Connection refused
	at sun.nio.ch.SocketChannelImpl.checkConnect(Native Method)
	at sun.nio.ch.SocketChannelImpl.finishConnect(SocketChannelImpl.java:717)
	at org.apache.kafka.common.network.PlaintextTransportLayer.finishConnect(PlaintextTransportLayer.java:51)
	at org.apache.kafka.common.network.KafkaChannel.finishConnect(KafkaChannel.java:73)
	at org.apache.kafka.common.network.Selector.pollSelectionKeys(Selector.java:309)
	at org.apache.kafka.common.network.Selector.poll(Selector.java:283)
	at org.apache.kafka.clients.NetworkClient.poll(NetworkClient.java:260)
	at org.apache.kafka.clients.consumer.internals.ConsumerNetworkClient.clientPoll(ConsumerNetworkClient.java:360)
	at org.apache.kafka.clients.consumer.internals.ConsumerNetworkClient.poll(ConsumerNetworkClient.java:224)
	at org.apache.kafka.clients.consumer.internals.ConsumerNetworkClient.poll(ConsumerNetworkClient.java:192)
	at org.apache.kafka.clients.consumer.internals.ConsumerNetworkClient.awaitMetadataUpdate(ConsumerNetworkClient.java:134)
	at org.apache.kafka.clients.consumer.internals.AbstractCoordinator.ensureCoordinatorReady(AbstractCoordinator.java:183)
	at org.apache.kafka.clients.consumer.KafkaConsumer.pollOnce(KafkaConsumer.java:974)
	at org.apache.kafka.clients.consumer.KafkaConsumer.poll(KafkaConsumer.java:938)
	at consumers.ConsumerWithMetrics.main(ConsumerWithMetrics.java:16)
2018-10-07 15:14:27 DEBUG NetworkClient:463 - Node -1 disconnected.
2018-10-07 15:14:27 DEBUG NetworkClient:625 - Give up sending metadata request since no node is available
2018-10-07 15:14:27 DEBUG NetworkClient:644 - Initialize connection to node -1 for sending metadata request
2018-10-07 15:14:27 DEBUG NetworkClient:496 - Initiating connection to node -1 at localhost:9092.
2018-10-07 15:14:27 DEBUG Selector:345 - Connection with localhost/127.0.0.1 disconnected
java.net.ConnectException: Connection refused
	at sun.nio.ch.SocketChannelImpl.checkConnect(Native Method)
	at sun.nio.ch.SocketChannelImpl.finishConnect(SocketChannelImpl.java:717)
	at org.apache.kafka.common.network.PlaintextTransportLayer.finishConnect(PlaintextTransportLayer.java:51)
	at org.apache.kafka.common.network.KafkaChannel.finishConnect(KafkaChannel.java:73)
	at org.apache.kafka.common.network.Selector.pollSelectionKeys(Selector.java:309)
	at org.apache.kafka.common.network.Selector.poll(Selector.java:283)
	at org.apache.kafka.clients.NetworkClient.poll(NetworkClient.java:260)
	at org.apache.kafka.clients.consumer.internals.ConsumerNetworkClient.clientPoll(ConsumerNetworkClient.java:360)
	at org.apache.kafka.clients.consumer.internals.ConsumerNetworkClient.poll(ConsumerNetworkClient.java:224)
	at org.apache.kafka.clients.consumer.internals.ConsumerNetworkClient.poll(ConsumerNetworkClient.java:192)
	at org.apache.kafka.clients.consumer.internals.ConsumerNetworkClient.awaitMetadataUpdate(ConsumerNetworkClient.java:134)
	at org.apache.kafka.clients.consumer.internals.AbstractCoordinator.ensureCoordinatorReady(AbstractCoordinator.java:183)
	at org.apache.kafka.clients.consumer.KafkaConsumer.pollOnce(KafkaConsumer.java:974)
	at org.apache.kafka.clients.consumer.KafkaConsumer.poll(KafkaConsumer.java:938)
	at consumers.ConsumerWithMetrics.main(ConsumerWithMetrics.java:16)
2018-10-07 15:14:27 DEBUG NetworkClient:463 - Node -1 disconnected.
2018-10-07 15:14:27 DEBUG NetworkClient:625 - Give up sending metadata request since no node is available
2018-10-07 15:14:27 DEBUG NetworkClient:644 - Initialize connection to node -1 for sending metadata request
2018-10-07 15:14:27 DEBUG NetworkClient:496 - Initiating connection to node -1 at localhost:9092.
2018-10-07 15:14:27 DEBUG Selector:345 - Connection with localhost/127.0.0.1 disconnected
java.net.ConnectException: Connection refused
	at sun.nio.ch.SocketChannelImpl.checkConnect(Native Method)
	at sun.nio.ch.SocketChannelImpl.finishConnect(SocketChannelImpl.java:717)
	at org.apache.kafka.common.network.PlaintextTransportLayer.finishConnect(PlaintextTransportLayer.java:51)
	at org.apache.kafka.common.network.KafkaChannel.finishConnect(KafkaChannel.java:73)
	at org.apache.kafka.common.network.Selector.pollSelectionKeys(Selector.java:309)
	at org.apache.kafka.common.network.Selector.poll(Selector.java:283)
	at org.apache.kafka.clients.NetworkClient.poll(NetworkClient.java:260)
	at org.apache.kafka.clients.consumer.internals.ConsumerNetworkClient.clientPoll(ConsumerNetworkClient.java:360)
	at org.apache.kafka.clients.consumer.internals.ConsumerNetworkClient.poll(ConsumerNetworkClient.java:224)
	at org.apache.kafka.clients.consumer.internals.ConsumerNetworkClient.poll(ConsumerNetworkClient.java:192)
	at org.apache.kafka.clients.consumer.internals.ConsumerNetworkClient.awaitMetadataUpdate(ConsumerNetworkClient.java:134)
	at org.apache.kafka.clients.consumer.internals.AbstractCoordinator.ensureCoordinatorReady(AbstractCoordinator.java:183)
	at org.apache.kafka.clients.consumer.KafkaConsumer.pollOnce(KafkaConsumer.java:974)
	at org.apache.kafka.clients.consumer.KafkaConsumer.poll(KafkaConsumer.java:938)
	at consumers.ConsumerWithMetrics.main(ConsumerWithMetrics.java:16)
2018-10-07 15:14:27 DEBUG NetworkClient:463 - Node -1 disconnected.
2018-10-07 15:14:27 DEBUG NetworkClient:625 - Give up sending metadata request since no node is available
2018-10-07 15:14:27 DEBUG NetworkClient:644 - Initialize connection to node -1 for sending metadata request
2018-10-07 15:14:27 DEBUG NetworkClient:496 - Initiating connection to node -1 at localhost:9092.
2018-10-07 15:14:27 DEBUG Selector:345 - Connection with localhost/127.0.0.1 disconnected
java.net.ConnectException: Connection refused
	at sun.nio.ch.SocketChannelImpl.checkConnect(Native Method)
	at sun.nio.ch.SocketChannelImpl.finishConnect(SocketChannelImpl.java:717)
	at org.apache.kafka.common.network.PlaintextTransportLayer.finishConnect(PlaintextTransportLayer.java:51)
	at org.apache.kafka.common.network.KafkaChannel.finishConnect(KafkaChannel.java:73)
	at org.apache.kafka.common.network.Selector.pollSelectionKeys(Selector.java:309)
	at org.apache.kafka.common.network.Selector.poll(Selector.java:283)
	at org.apache.kafka.clients.NetworkClient.poll(NetworkClient.java:260)
	at org.apache.kafka.clients.consumer.internals.ConsumerNetworkClient.clientPoll(ConsumerNetworkClient.java:360)
	at org.apache.kafka.clients.consumer.internals.ConsumerNetworkClient.poll(ConsumerNetworkClient.java:224)
	at org.apache.kafka.clients.consumer.internals.ConsumerNetworkClient.poll(ConsumerNetworkClient.java:192)
	at org.apache.kafka.clients.consumer.internals.ConsumerNetworkClient.awaitMetadataUpdate(ConsumerNetworkClient.java:134)
	at org.apache.kafka.clients.consumer.internals.AbstractCoordinator.ensureCoordinatorReady(AbstractCoordinator.java:183)
	at org.apache.kafka.clients.consumer.KafkaConsumer.pollOnce(KafkaConsumer.java:974)
	at org.apache.kafka.clients.consumer.KafkaConsumer.poll(KafkaConsumer.java:938)
	at consumers.ConsumerWithMetrics.main(ConsumerWithMetrics.java:16)
2018-10-07 15:14:27 DEBUG NetworkClient:463 - Node -1 disconnected.
2018-10-07 15:14:27 DEBUG NetworkClient:625 - Give up sending metadata request since no node is available
2018-10-07 15:14:27 DEBUG NetworkClient:644 - Initialize connection to node -1 for sending metadata request
2018-10-07 15:14:27 DEBUG NetworkClient:496 - Initiating connection to node -1 at localhost:9092.
2018-10-07 15:14:27 DEBUG Selector:345 - Connection with localhost/127.0.0.1 disconnected
java.net.ConnectException: Connection refused
	at sun.nio.ch.SocketChannelImpl.checkConnect(Native Method)
	at sun.nio.ch.SocketChannelImpl.finishConnect(SocketChannelImpl.java:717)
	at org.apache.kafka.common.network.PlaintextTransportLayer.finishConnect(PlaintextTransportLayer.java:51)
	at org.apache.kafka.common.network.KafkaChannel.finishConnect(KafkaChannel.java:73)
	at org.apache.kafka.common.network.Selector.pollSelectionKeys(Selector.java:309)
	at org.apache.kafka.common.network.Selector.poll(Selector.java:283)
	at org.apache.kafka.clients.NetworkClient.poll(NetworkClient.java:260)
	at org.apache.kafka.clients.consumer.internals.ConsumerNetworkClient.clientPoll(ConsumerNetworkClient.java:360)
	at org.apache.kafka.clients.consumer.internals.ConsumerNetworkClient.poll(ConsumerNetworkClient.java:224)
	at org.apache.kafka.clients.consumer.internals.ConsumerNetworkClient.poll(ConsumerNetworkClient.java:192)
	at org.apache.kafka.clients.consumer.internals.ConsumerNetworkClient.awaitMetadataUpdate(ConsumerNetworkClient.java:134)
	at org.apache.kafka.clients.consumer.internals.AbstractCoordinator.ensureCoordinatorReady(AbstractCoordinator.java:183)
	at org.apache.kafka.clients.consumer.KafkaConsumer.pollOnce(KafkaConsumer.java:974)
	at org.apache.kafka.clients.consumer.KafkaConsumer.poll(KafkaConsumer.java:938)
	at consumers.ConsumerWithMetrics.main(ConsumerWithMetrics.java:16)
2018-10-07 15:14:27 DEBUG NetworkClient:463 - Node -1 disconnected.
2018-10-07 15:14:27 DEBUG NetworkClient:625 - Give up sending metadata request since no node is available
2018-10-07 15:14:28 DEBUG NetworkClient:644 - Initialize connection to node -1 for sending metadata request
2018-10-07 15:14:28 DEBUG NetworkClient:496 - Initiating connection to node -1 at localhost:9092.
2018-10-07 15:14:28 DEBUG Selector:345 - Connection with localhost/127.0.0.1 disconnected
java.net.ConnectException: Connection refused
	at sun.nio.ch.SocketChannelImpl.checkConnect(Native Method)
	at sun.nio.ch.SocketChannelImpl.finishConnect(SocketChannelImpl.java:717)
	at org.apache.kafka.common.network.PlaintextTransportLayer.finishConnect(PlaintextTransportLayer.java:51)
	at org.apache.kafka.common.network.KafkaChannel.finishConnect(KafkaChannel.java:73)
	at org.apache.kafka.common.network.Selector.pollSelectionKeys(Selector.java:309)
	at org.apache.kafka.common.network.Selector.poll(Selector.java:283)
	at org.apache.kafka.clients.NetworkClient.poll(NetworkClient.java:260)
	at org.apache.kafka.clients.consumer.internals.ConsumerNetworkClient.clientPoll(ConsumerNetworkClient.java:360)
	at org.apache.kafka.clients.consumer.internals.ConsumerNetworkClient.poll(ConsumerNetworkClient.java:224)
	at org.apache.kafka.clients.consumer.internals.ConsumerNetworkClient.poll(ConsumerNetworkClient.java:192)
	at org.apache.kafka.clients.consumer.internals.ConsumerNetworkClient.awaitMetadataUpdate(ConsumerNetworkClient.java:134)
	at org.apache.kafka.clients.consumer.internals.AbstractCoordinator.ensureCoordinatorReady(AbstractCoordinator.java:183)
	at org.apache.kafka.clients.consumer.KafkaConsumer.pollOnce(KafkaConsumer.java:974)
	at org.apache.kafka.clients.consumer.KafkaConsumer.poll(KafkaConsumer.java:938)
	at consumers.ConsumerWithMetrics.main(ConsumerWithMetrics.java:16)
2018-10-07 15:14:28 DEBUG NetworkClient:463 - Node -1 disconnected.
2018-10-07 15:14:28 DEBUG NetworkClient:625 - Give up sending metadata request since no node is available
2018-10-07 15:14:28 DEBUG NetworkClient:644 - Initialize connection to node -1 for sending metadata request
2018-10-07 15:14:28 DEBUG NetworkClient:496 - Initiating connection to node -1 at localhost:9092.
2018-10-07 15:14:28 DEBUG Selector:345 - Connection with localhost/127.0.0.1 disconnected
java.net.ConnectException: Connection refused
	at sun.nio.ch.SocketChannelImpl.checkConnect(Native Method)
	at sun.nio.ch.SocketChannelImpl.finishConnect(SocketChannelImpl.java:717)
	at org.apache.kafka.common.network.PlaintextTransportLayer.finishConnect(PlaintextTransportLayer.java:51)
	at org.apache.kafka.common.network.KafkaChannel.finishConnect(KafkaChannel.java:73)
	at org.apache.kafka.common.network.Selector.pollSelectionKeys(Selector.java:309)
	at org.apache.kafka.common.network.Selector.poll(Selector.java:283)
	at org.apache.kafka.clients.NetworkClient.poll(NetworkClient.java:260)
	at org.apache.kafka.clients.consumer.internals.ConsumerNetworkClient.clientPoll(ConsumerNetworkClient.java:360)
	at org.apache.kafka.clients.consumer.internals.ConsumerNetworkClient.poll(ConsumerNetworkClient.java:224)
	at org.apache.kafka.clients.consumer.internals.ConsumerNetworkClient.poll(ConsumerNetworkClient.java:192)
	at org.apache.kafka.clients.consumer.internals.ConsumerNetworkClient.awaitMetadataUpdate(ConsumerNetworkClient.java:134)
	at org.apache.kafka.clients.consumer.internals.AbstractCoordinator.ensureCoordinatorReady(AbstractCoordinator.java:183)
	at org.apache.kafka.clients.consumer.KafkaConsumer.pollOnce(KafkaConsumer.java:974)
	at org.apache.kafka.clients.consumer.KafkaConsumer.poll(KafkaConsumer.java:938)
	at consumers.ConsumerWithMetrics.main(ConsumerWithMetrics.java:16)
2018-10-07 15:14:28 DEBUG NetworkClient:463 - Node -1 disconnected.
2018-10-07 15:14:28 DEBUG NetworkClient:625 - Give up sending metadata request since no node is available
2018-10-07 15:14:28 DEBUG NetworkClient:644 - Initialize connection to node -1 for sending metadata request
2018-10-07 15:14:28 DEBUG NetworkClient:496 - Initiating connection to node -1 at localhost:9092.
2018-10-07 15:14:28 DEBUG Selector:345 - Connection with localhost/127.0.0.1 disconnected
java.net.ConnectException: Connection refused
	at sun.nio.ch.SocketChannelImpl.checkConnect(Native Method)
	at sun.nio.ch.SocketChannelImpl.finishConnect(SocketChannelImpl.java:717)
	at org.apache.kafka.common.network.PlaintextTransportLayer.finishConnect(PlaintextTransportLayer.java:51)
	at org.apache.kafka.common.network.KafkaChannel.finishConnect(KafkaChannel.java:73)
	at org.apache.kafka.common.network.Selector.pollSelectionKeys(Selector.java:309)
	at org.apache.kafka.common.network.Selector.poll(Selector.java:283)
	at org.apache.kafka.clients.NetworkClient.poll(NetworkClient.java:260)
	at org.apache.kafka.clients.consumer.internals.ConsumerNetworkClient.clientPoll(ConsumerNetworkClient.java:360)
	at org.apache.kafka.clients.consumer.internals.ConsumerNetworkClient.poll(ConsumerNetworkClient.java:224)
	at org.apache.kafka.clients.consumer.internals.ConsumerNetworkClient.poll(ConsumerNetworkClient.java:192)
	at org.apache.kafka.clients.consumer.internals.ConsumerNetworkClient.awaitMetadataUpdate(ConsumerNetworkClient.java:134)
	at org.apache.kafka.clients.consumer.internals.AbstractCoordinator.ensureCoordinatorReady(AbstractCoordinator.java:183)
	at org.apache.kafka.clients.consumer.KafkaConsumer.pollOnce(KafkaConsumer.java:974)
	at org.apache.kafka.clients.consumer.KafkaConsumer.poll(KafkaConsumer.java:938)
	at consumers.ConsumerWithMetrics.main(ConsumerWithMetrics.java:16)
2018-10-07 15:14:28 DEBUG NetworkClient:463 - Node -1 disconnected.
2018-10-07 15:14:28 DEBUG NetworkClient:625 - Give up sending metadata request since no node is available
2018-10-07 15:14:28 DEBUG NetworkClient:644 - Initialize connection to node -1 for sending metadata request
2018-10-07 15:14:28 DEBUG NetworkClient:496 - Initiating connection to node -1 at localhost:9092.
2018-10-07 15:14:28 DEBUG Selector:345 - Connection with localhost/127.0.0.1 disconnected
java.net.ConnectException: Connection refused
	at sun.nio.ch.SocketChannelImpl.checkConnect(Native Method)
	at sun.nio.ch.SocketChannelImpl.finishConnect(SocketChannelImpl.java:717)
	at org.apache.kafka.common.network.PlaintextTransportLayer.finishConnect(PlaintextTransportLayer.java:51)
	at org.apache.kafka.common.network.KafkaChannel.finishConnect(KafkaChannel.java:73)
	at org.apache.kafka.common.network.Selector.pollSelectionKeys(Selector.java:309)
	at org.apache.kafka.common.network.Selector.poll(Selector.java:283)
	at org.apache.kafka.clients.NetworkClient.poll(NetworkClient.java:260)
	at org.apache.kafka.clients.consumer.internals.ConsumerNetworkClient.clientPoll(ConsumerNetworkClient.java:360)
	at org.apache.kafka.clients.consumer.internals.ConsumerNetworkClient.poll(ConsumerNetworkClient.java:224)
	at org.apache.kafka.clients.consumer.internals.ConsumerNetworkClient.poll(ConsumerNetworkClient.java:192)
	at org.apache.kafka.clients.consumer.internals.ConsumerNetworkClient.awaitMetadataUpdate(ConsumerNetworkClient.java:134)
	at org.apache.kafka.clients.consumer.internals.AbstractCoordinator.ensureCoordinatorReady(AbstractCoordinator.java:183)
	at org.apache.kafka.clients.consumer.KafkaConsumer.pollOnce(KafkaConsumer.java:974)
	at org.apache.kafka.clients.consumer.KafkaConsumer.poll(KafkaConsumer.java:938)
	at consumers.ConsumerWithMetrics.main(ConsumerWithMetrics.java:16)
2018-10-07 15:14:28 DEBUG NetworkClient:463 - Node -1 disconnected.
2018-10-07 15:14:28 DEBUG NetworkClient:625 - Give up sending metadata request since no node is available
2018-10-07 15:14:28 DEBUG NetworkClient:644 - Initialize connection to node -1 for sending metadata request
2018-10-07 15:14:28 DEBUG NetworkClient:496 - Initiating connection to node -1 at localhost:9092.
2018-10-07 15:14:28 DEBUG Selector:345 - Connection with localhost/127.0.0.1 disconnected
java.net.ConnectException: Connection refused
	at sun.nio.ch.SocketChannelImpl.checkConnect(Native Method)
	at sun.nio.ch.SocketChannelImpl.finishConnect(SocketChannelImpl.java:717)
	at org.apache.kafka.common.network.PlaintextTransportLayer.finishConnect(PlaintextTransportLayer.java:51)
	at org.apache.kafka.common.network.KafkaChannel.finishConnect(KafkaChannel.java:73)
	at org.apache.kafka.common.network.Selector.pollSelectionKeys(Selector.java:309)
	at org.apache.kafka.common.network.Selector.poll(Selector.java:283)
	at org.apache.kafka.clients.NetworkClient.poll(NetworkClient.java:260)
	at org.apache.kafka.clients.consumer.internals.ConsumerNetworkClient.clientPoll(ConsumerNetworkClient.java:360)
	at org.apache.kafka.clients.consumer.internals.ConsumerNetworkClient.poll(ConsumerNetworkClient.java:224)
	at org.apache.kafka.clients.consumer.internals.ConsumerNetworkClient.poll(ConsumerNetworkClient.java:192)
	at org.apache.kafka.clients.consumer.internals.ConsumerNetworkClient.awaitMetadataUpdate(ConsumerNetworkClient.java:134)
	at org.apache.kafka.clients.consumer.internals.AbstractCoordinator.ensureCoordinatorReady(AbstractCoordinator.java:183)
	at org.apache.kafka.clients.consumer.KafkaConsumer.pollOnce(KafkaConsumer.java:974)
	at org.apache.kafka.clients.consumer.KafkaConsumer.poll(KafkaConsumer.java:938)
	at consumers.ConsumerWithMetrics.main(ConsumerWithMetrics.java:16)
2018-10-07 15:14:28 DEBUG NetworkClient:463 - Node -1 disconnected.
2018-10-07 15:14:28 DEBUG NetworkClient:625 - Give up sending metadata request since no node is available
2018-10-07 15:14:28 DEBUG NetworkClient:644 - Initialize connection to node -1 for sending metadata request
2018-10-07 15:14:28 DEBUG NetworkClient:496 - Initiating connection to node -1 at localhost:9092.
2018-10-07 15:14:28 DEBUG Selector:345 - Connection with localhost/127.0.0.1 disconnected
java.net.ConnectException: Connection refused
	at sun.nio.ch.SocketChannelImpl.checkConnect(Native Method)
	at sun.nio.ch.SocketChannelImpl.finishConnect(SocketChannelImpl.java:717)
	at org.apache.kafka.common.network.PlaintextTransportLayer.finishConnect(PlaintextTransportLayer.java:51)
	at org.apache.kafka.common.network.KafkaChannel.finishConnect(KafkaChannel.java:73)
	at org.apache.kafka.common.network.Selector.pollSelectionKeys(Selector.java:309)
	at org.apache.kafka.common.network.Selector.poll(Selector.java:283)
	at org.apache.kafka.clients.NetworkClient.poll(NetworkClient.java:260)
	at org.apache.kafka.clients.consumer.internals.ConsumerNetworkClient.clientPoll(ConsumerNetworkClient.java:360)
	at org.apache.kafka.clients.consumer.internals.ConsumerNetworkClient.poll(ConsumerNetworkClient.java:224)
	at org.apache.kafka.clients.consumer.internals.ConsumerNetworkClient.poll(ConsumerNetworkClient.java:192)
	at org.apache.kafka.clients.consumer.internals.ConsumerNetworkClient.awaitMetadataUpdate(ConsumerNetworkClient.java:134)
	at org.apache.kafka.clients.consumer.internals.AbstractCoordinator.ensureCoordinatorReady(AbstractCoordinator.java:183)
	at org.apache.kafka.clients.consumer.KafkaConsumer.pollOnce(KafkaConsumer.java:974)
	at org.apache.kafka.clients.consumer.KafkaConsumer.poll(KafkaConsumer.java:938)
	at consumers.ConsumerWithMetrics.main(ConsumerWithMetrics.java:16)
2018-10-07 15:14:28 DEBUG NetworkClient:463 - Node -1 disconnected.
2018-10-07 15:14:28 DEBUG NetworkClient:625 - Give up sending metadata request since no node is available
2018-10-07 15:14:28 DEBUG NetworkClient:644 - Initialize connection to node -1 for sending metadata request
2018-10-07 15:14:28 DEBUG NetworkClient:496 - Initiating connection to node -1 at localhost:9092.
2018-10-07 15:14:28 DEBUG Selector:345 - Connection with localhost/127.0.0.1 disconnected
java.net.ConnectException: Connection refused
	at sun.nio.ch.SocketChannelImpl.checkConnect(Native Method)
	at sun.nio.ch.SocketChannelImpl.finishConnect(SocketChannelImpl.java:717)
	at org.apache.kafka.common.network.PlaintextTransportLayer.finishConnect(PlaintextTransportLayer.java:51)
	at org.apache.kafka.common.network.KafkaChannel.finishConnect(KafkaChannel.java:73)
	at org.apache.kafka.common.network.Selector.pollSelectionKeys(Selector.java:309)
	at org.apache.kafka.common.network.Selector.poll(Selector.java:283)
	at org.apache.kafka.clients.NetworkClient.poll(NetworkClient.java:260)
	at org.apache.kafka.clients.consumer.internals.ConsumerNetworkClient.clientPoll(ConsumerNetworkClient.java:360)
	at org.apache.kafka.clients.consumer.internals.ConsumerNetworkClient.poll(ConsumerNetworkClient.java:224)
	at org.apache.kafka.clients.consumer.internals.ConsumerNetworkClient.poll(ConsumerNetworkClient.java:192)
	at org.apache.kafka.clients.consumer.internals.ConsumerNetworkClient.awaitMetadataUpdate(ConsumerNetworkClient.java:134)
	at org.apache.kafka.clients.consumer.internals.AbstractCoordinator.ensureCoordinatorReady(AbstractCoordinator.java:183)
	at org.apache.kafka.clients.consumer.KafkaConsumer.pollOnce(KafkaConsumer.java:974)
	at org.apache.kafka.clients.consumer.KafkaConsumer.poll(KafkaConsumer.java:938)
	at consumers.ConsumerWithMetrics.main(ConsumerWithMetrics.java:16)
2018-10-07 15:14:28 DEBUG NetworkClient:463 - Node -1 disconnected.
2018-10-07 15:14:28 DEBUG NetworkClient:625 - Give up sending metadata request since no node is available
2018-10-07 15:14:28 DEBUG NetworkClient:644 - Initialize connection to node -1 for sending metadata request
2018-10-07 15:14:28 DEBUG NetworkClient:496 - Initiating connection to node -1 at localhost:9092.
2018-10-07 15:14:28 DEBUG Selector:345 - Connection with localhost/127.0.0.1 disconnected
java.net.ConnectException: Connection refused
	at sun.nio.ch.SocketChannelImpl.checkConnect(Native Method)
	at sun.nio.ch.SocketChannelImpl.finishConnect(SocketChannelImpl.java:717)
	at org.apache.kafka.common.network.PlaintextTransportLayer.finishConnect(PlaintextTransportLayer.java:51)
	at org.apache.kafka.common.network.KafkaChannel.finishConnect(KafkaChannel.java:73)
	at org.apache.kafka.common.network.Selector.pollSelectionKeys(Selector.java:309)
	at org.apache.kafka.common.network.Selector.poll(Selector.java:283)
	at org.apache.kafka.clients.NetworkClient.poll(NetworkClient.java:260)
	at org.apache.kafka.clients.consumer.internals.ConsumerNetworkClient.clientPoll(ConsumerNetworkClient.java:360)
	at org.apache.kafka.clients.consumer.internals.ConsumerNetworkClient.poll(ConsumerNetworkClient.java:224)
	at org.apache.kafka.clients.consumer.internals.ConsumerNetworkClient.poll(ConsumerNetworkClient.java:192)
	at org.apache.kafka.clients.consumer.internals.ConsumerNetworkClient.awaitMetadataUpdate(ConsumerNetworkClient.java:134)
	at org.apache.kafka.clients.consumer.internals.AbstractCoordinator.ensureCoordinatorReady(AbstractCoordinator.java:183)
	at org.apache.kafka.clients.consumer.KafkaConsumer.pollOnce(KafkaConsumer.java:974)
	at org.apache.kafka.clients.consumer.KafkaConsumer.poll(KafkaConsumer.java:938)
	at consumers.ConsumerWithMetrics.main(ConsumerWithMetrics.java:16)
2018-10-07 15:14:28 DEBUG NetworkClient:463 - Node -1 disconnected.
2018-10-07 15:14:28 DEBUG NetworkClient:625 - Give up sending metadata request since no node is available
2018-10-07 15:14:28 DEBUG NetworkClient:644 - Initialize connection to node -1 for sending metadata request
2018-10-07 15:14:28 DEBUG NetworkClient:496 - Initiating connection to node -1 at localhost:9092.
2018-10-07 15:14:28 DEBUG Selector:345 - Connection with localhost/127.0.0.1 disconnected
java.net.ConnectException: Connection refused
	at sun.nio.ch.SocketChannelImpl.checkConnect(Native Method)
	at sun.nio.ch.SocketChannelImpl.finishConnect(SocketChannelImpl.java:717)
	at org.apache.kafka.common.network.PlaintextTransportLayer.finishConnect(PlaintextTransportLayer.java:51)
	at org.apache.kafka.common.network.KafkaChannel.finishConnect(KafkaChannel.java:73)
	at org.apache.kafka.common.network.Selector.pollSelectionKeys(Selector.java:309)
	at org.apache.kafka.common.network.Selector.poll(Selector.java:283)
	at org.apache.kafka.clients.NetworkClient.poll(NetworkClient.java:260)
	at org.apache.kafka.clients.consumer.internals.ConsumerNetworkClient.clientPoll(ConsumerNetworkClient.java:360)
	at org.apache.kafka.clients.consumer.internals.ConsumerNetworkClient.poll(ConsumerNetworkClient.java:224)
	at org.apache.kafka.clients.consumer.internals.ConsumerNetworkClient.poll(ConsumerNetworkClient.java:192)
	at org.apache.kafka.clients.consumer.internals.ConsumerNetworkClient.awaitMetadataUpdate(ConsumerNetworkClient.java:134)
	at org.apache.kafka.clients.consumer.internals.AbstractCoordinator.ensureCoordinatorReady(AbstractCoordinator.java:183)
	at org.apache.kafka.clients.consumer.KafkaConsumer.pollOnce(KafkaConsumer.java:974)
	at org.apache.kafka.clients.consumer.KafkaConsumer.poll(KafkaConsumer.java:938)
	at consumers.ConsumerWithMetrics.main(ConsumerWithMetrics.java:16)
2018-10-07 15:14:28 DEBUG NetworkClient:463 - Node -1 disconnected.
2018-10-07 15:14:28 DEBUG NetworkClient:625 - Give up sending metadata request since no node is available
2018-10-07 15:14:28 DEBUG NetworkClient:644 - Initialize connection to node -1 for sending metadata request
2018-10-07 15:14:28 DEBUG NetworkClient:496 - Initiating connection to node -1 at localhost:9092.
2018-10-07 15:14:28 DEBUG Selector:345 - Connection with localhost/127.0.0.1 disconnected
java.net.ConnectException: Connection refused
	at sun.nio.ch.SocketChannelImpl.checkConnect(Native Method)
	at sun.nio.ch.SocketChannelImpl.finishConnect(SocketChannelImpl.java:717)
	at org.apache.kafka.common.network.PlaintextTransportLayer.finishConnect(PlaintextTransportLayer.java:51)
	at org.apache.kafka.common.network.KafkaChannel.finishConnect(KafkaChannel.java:73)
	at org.apache.kafka.common.network.Selector.pollSelectionKeys(Selector.java:309)
	at org.apache.kafka.common.network.Selector.poll(Selector.java:283)
	at org.apache.kafka.clients.NetworkClient.poll(NetworkClient.java:260)
	at org.apache.kafka.clients.consumer.internals.ConsumerNetworkClient.clientPoll(ConsumerNetworkClient.java:360)
	at org.apache.kafka.clients.consumer.internals.ConsumerNetworkClient.poll(ConsumerNetworkClient.java:224)
	at org.apache.kafka.clients.consumer.internals.ConsumerNetworkClient.poll(ConsumerNetworkClient.java:192)
	at org.apache.kafka.clients.consumer.internals.ConsumerNetworkClient.awaitMetadataUpdate(ConsumerNetworkClient.java:134)
	at org.apache.kafka.clients.consumer.internals.AbstractCoordinator.ensureCoordinatorReady(AbstractCoordinator.java:183)
	at org.apache.kafka.clients.consumer.KafkaConsumer.pollOnce(KafkaConsumer.java:974)
	at org.apache.kafka.clients.consumer.KafkaConsumer.poll(KafkaConsumer.java:938)
	at consumers.ConsumerWithMetrics.main(ConsumerWithMetrics.java:16)
2018-10-07 15:14:28 DEBUG NetworkClient:463 - Node -1 disconnected.
2018-10-07 15:14:28 DEBUG NetworkClient:625 - Give up sending metadata request since no node is available
2018-10-07 15:14:29 DEBUG NetworkClient:644 - Initialize connection to node -1 for sending metadata request
2018-10-07 15:14:29 DEBUG NetworkClient:496 - Initiating connection to node -1 at localhost:9092.
2018-10-07 15:14:29 DEBUG Selector:345 - Connection with localhost/127.0.0.1 disconnected
java.net.ConnectException: Connection refused
	at sun.nio.ch.SocketChannelImpl.checkConnect(Native Method)
	at sun.nio.ch.SocketChannelImpl.finishConnect(SocketChannelImpl.java:717)
	at org.apache.kafka.common.network.PlaintextTransportLayer.finishConnect(PlaintextTransportLayer.java:51)
	at org.apache.kafka.common.network.KafkaChannel.finishConnect(KafkaChannel.java:73)
	at org.apache.kafka.common.network.Selector.pollSelectionKeys(Selector.java:309)
	at org.apache.kafka.common.network.Selector.poll(Selector.java:283)
	at org.apache.kafka.clients.NetworkClient.poll(NetworkClient.java:260)
	at org.apache.kafka.clients.consumer.internals.ConsumerNetworkClient.clientPoll(ConsumerNetworkClient.java:360)
	at org.apache.kafka.clients.consumer.internals.ConsumerNetworkClient.poll(ConsumerNetworkClient.java:224)
	at org.apache.kafka.clients.consumer.internals.ConsumerNetworkClient.poll(ConsumerNetworkClient.java:192)
	at org.apache.kafka.clients.consumer.internals.ConsumerNetworkClient.awaitMetadataUpdate(ConsumerNetworkClient.java:134)
	at org.apache.kafka.clients.consumer.internals.AbstractCoordinator.ensureCoordinatorReady(AbstractCoordinator.java:183)
	at org.apache.kafka.clients.consumer.KafkaConsumer.pollOnce(KafkaConsumer.java:974)
	at org.apache.kafka.clients.consumer.KafkaConsumer.poll(KafkaConsumer.java:938)
	at consumers.ConsumerWithMetrics.main(ConsumerWithMetrics.java:16)
2018-10-07 15:14:29 DEBUG NetworkClient:463 - Node -1 disconnected.
2018-10-07 15:14:29 DEBUG NetworkClient:625 - Give up sending metadata request since no node is available
2018-10-07 15:14:29 DEBUG NetworkClient:644 - Initialize connection to node -1 for sending metadata request
2018-10-07 15:14:29 DEBUG NetworkClient:496 - Initiating connection to node -1 at localhost:9092.
2018-10-07 15:14:29 DEBUG Selector:345 - Connection with localhost/127.0.0.1 disconnected
java.net.ConnectException: Connection refused
	at sun.nio.ch.SocketChannelImpl.checkConnect(Native Method)
	at sun.nio.ch.SocketChannelImpl.finishConnect(SocketChannelImpl.java:717)
	at org.apache.kafka.common.network.PlaintextTransportLayer.finishConnect(PlaintextTransportLayer.java:51)
	at org.apache.kafka.common.network.KafkaChannel.finishConnect(KafkaChannel.java:73)
	at org.apache.kafka.common.network.Selector.pollSelectionKeys(Selector.java:309)
	at org.apache.kafka.common.network.Selector.poll(Selector.java:283)
	at org.apache.kafka.clients.NetworkClient.poll(NetworkClient.java:260)
	at org.apache.kafka.clients.consumer.internals.ConsumerNetworkClient.clientPoll(ConsumerNetworkClient.java:360)
	at org.apache.kafka.clients.consumer.internals.ConsumerNetworkClient.poll(ConsumerNetworkClient.java:224)
	at org.apache.kafka.clients.consumer.internals.ConsumerNetworkClient.poll(ConsumerNetworkClient.java:192)
	at org.apache.kafka.clients.consumer.internals.ConsumerNetworkClient.awaitMetadataUpdate(ConsumerNetworkClient.java:134)
	at org.apache.kafka.clients.consumer.internals.AbstractCoordinator.ensureCoordinatorReady(AbstractCoordinator.java:183)
	at org.apache.kafka.clients.consumer.KafkaConsumer.pollOnce(KafkaConsumer.java:974)
	at org.apache.kafka.clients.consumer.KafkaConsumer.poll(KafkaConsumer.java:938)
	at consumers.ConsumerWithMetrics.main(ConsumerWithMetrics.java:16)
2018-10-07 15:14:29 DEBUG NetworkClient:463 - Node -1 disconnected.
2018-10-07 15:14:29 DEBUG NetworkClient:625 - Give up sending metadata request since no node is available
2018-10-07 15:14:29 DEBUG NetworkClient:644 - Initialize connection to node -1 for sending metadata request
2018-10-07 15:14:29 DEBUG NetworkClient:496 - Initiating connection to node -1 at localhost:9092.
2018-10-07 15:14:29 DEBUG Selector:345 - Connection with localhost/127.0.0.1 disconnected
java.net.ConnectException: Connection refused
	at sun.nio.ch.SocketChannelImpl.checkConnect(Native Method)
	at sun.nio.ch.SocketChannelImpl.finishConnect(SocketChannelImpl.java:717)
	at org.apache.kafka.common.network.PlaintextTransportLayer.finishConnect(PlaintextTransportLayer.java:51)
	at org.apache.kafka.common.network.KafkaChannel.finishConnect(KafkaChannel.java:73)
	at org.apache.kafka.common.network.Selector.pollSelectionKeys(Selector.java:309)
	at org.apache.kafka.common.network.Selector.poll(Selector.java:283)
	at org.apache.kafka.clients.NetworkClient.poll(NetworkClient.java:260)
	at org.apache.kafka.clients.consumer.internals.ConsumerNetworkClient.clientPoll(ConsumerNetworkClient.java:360)
	at org.apache.kafka.clients.consumer.internals.ConsumerNetworkClient.poll(ConsumerNetworkClient.java:224)
	at org.apache.kafka.clients.consumer.internals.ConsumerNetworkClient.poll(ConsumerNetworkClient.java:192)
	at org.apache.kafka.clients.consumer.internals.ConsumerNetworkClient.awaitMetadataUpdate(ConsumerNetworkClient.java:134)
	at org.apache.kafka.clients.consumer.internals.AbstractCoordinator.ensureCoordinatorReady(AbstractCoordinator.java:183)
	at org.apache.kafka.clients.consumer.KafkaConsumer.pollOnce(KafkaConsumer.java:974)
	at org.apache.kafka.clients.consumer.KafkaConsumer.poll(KafkaConsumer.java:938)
	at consumers.ConsumerWithMetrics.main(ConsumerWithMetrics.java:16)
2018-10-07 15:14:29 DEBUG NetworkClient:463 - Node -1 disconnected.
2018-10-07 15:14:29 DEBUG NetworkClient:625 - Give up sending metadata request since no node is available
2018-10-07 15:14:29 DEBUG NetworkClient:644 - Initialize connection to node -1 for sending metadata request
2018-10-07 15:14:29 DEBUG NetworkClient:496 - Initiating connection to node -1 at localhost:9092.
2018-10-07 15:14:29 DEBUG Selector:345 - Connection with localhost/127.0.0.1 disconnected
java.net.ConnectException: Connection refused
	at sun.nio.ch.SocketChannelImpl.checkConnect(Native Method)
	at sun.nio.ch.SocketChannelImpl.finishConnect(SocketChannelImpl.java:717)
	at org.apache.kafka.common.network.PlaintextTransportLayer.finishConnect(PlaintextTransportLayer.java:51)
	at org.apache.kafka.common.network.KafkaChannel.finishConnect(KafkaChannel.java:73)
	at org.apache.kafka.common.network.Selector.pollSelectionKeys(Selector.java:309)
	at org.apache.kafka.common.network.Selector.poll(Selector.java:283)
	at org.apache.kafka.clients.NetworkClient.poll(NetworkClient.java:260)
	at org.apache.kafka.clients.consumer.internals.ConsumerNetworkClient.clientPoll(ConsumerNetworkClient.java:360)
	at org.apache.kafka.clients.consumer.internals.ConsumerNetworkClient.poll(ConsumerNetworkClient.java:224)
	at org.apache.kafka.clients.consumer.internals.ConsumerNetworkClient.poll(ConsumerNetworkClient.java:192)
	at org.apache.kafka.clients.consumer.internals.ConsumerNetworkClient.awaitMetadataUpdate(ConsumerNetworkClient.java:134)
	at org.apache.kafka.clients.consumer.internals.AbstractCoordinator.ensureCoordinatorReady(AbstractCoordinator.java:183)
	at org.apache.kafka.clients.consumer.KafkaConsumer.pollOnce(KafkaConsumer.java:974)
	at org.apache.kafka.clients.consumer.KafkaConsumer.poll(KafkaConsumer.java:938)
	at consumers.ConsumerWithMetrics.main(ConsumerWithMetrics.java:16)
2018-10-07 15:14:29 DEBUG NetworkClient:463 - Node -1 disconnected.
2018-10-07 15:14:29 DEBUG NetworkClient:625 - Give up sending metadata request since no node is available
2018-10-07 15:14:29 DEBUG NetworkClient:644 - Initialize connection to node -1 for sending metadata request
2018-10-07 15:14:29 DEBUG NetworkClient:496 - Initiating connection to node -1 at localhost:9092.
2018-10-07 15:14:29 DEBUG Selector:345 - Connection with localhost/127.0.0.1 disconnected
java.net.ConnectException: Connection refused
	at sun.nio.ch.SocketChannelImpl.checkConnect(Native Method)
	at sun.nio.ch.SocketChannelImpl.finishConnect(SocketChannelImpl.java:717)
	at org.apache.kafka.common.network.PlaintextTransportLayer.finishConnect(PlaintextTransportLayer.java:51)
	at org.apache.kafka.common.network.KafkaChannel.finishConnect(KafkaChannel.java:73)
	at org.apache.kafka.common.network.Selector.pollSelectionKeys(Selector.java:309)
	at org.apache.kafka.common.network.Selector.poll(Selector.java:283)
	at org.apache.kafka.clients.NetworkClient.poll(NetworkClient.java:260)
	at org.apache.kafka.clients.consumer.internals.ConsumerNetworkClient.clientPoll(ConsumerNetworkClient.java:360)
	at org.apache.kafka.clients.consumer.internals.ConsumerNetworkClient.poll(ConsumerNetworkClient.java:224)
	at org.apache.kafka.clients.consumer.internals.ConsumerNetworkClient.poll(ConsumerNetworkClient.java:192)
	at org.apache.kafka.clients.consumer.internals.ConsumerNetworkClient.awaitMetadataUpdate(ConsumerNetworkClient.java:134)
	at org.apache.kafka.clients.consumer.internals.AbstractCoordinator.ensureCoordinatorReady(AbstractCoordinator.java:183)
	at org.apache.kafka.clients.consumer.KafkaConsumer.pollOnce(KafkaConsumer.java:974)
	at org.apache.kafka.clients.consumer.KafkaConsumer.poll(KafkaConsumer.java:938)
	at consumers.ConsumerWithMetrics.main(ConsumerWithMetrics.java:16)
2018-10-07 15:14:29 DEBUG NetworkClient:463 - Node -1 disconnected.
2018-10-07 15:14:29 DEBUG NetworkClient:625 - Give up sending metadata request since no node is available
2018-10-07 15:14:29 DEBUG NetworkClient:644 - Initialize connection to node -1 for sending metadata request
2018-10-07 15:14:29 DEBUG NetworkClient:496 - Initiating connection to node -1 at localhost:9092.
2018-10-07 15:14:29 DEBUG Selector:345 - Connection with localhost/127.0.0.1 disconnected
java.net.ConnectException: Connection refused
	at sun.nio.ch.SocketChannelImpl.checkConnect(Native Method)
	at sun.nio.ch.SocketChannelImpl.finishConnect(SocketChannelImpl.java:717)
	at org.apache.kafka.common.network.PlaintextTransportLayer.finishConnect(PlaintextTransportLayer.java:51)
	at org.apache.kafka.common.network.KafkaChannel.finishConnect(KafkaChannel.java:73)
	at org.apache.kafka.common.network.Selector.pollSelectionKeys(Selector.java:309)
	at org.apache.kafka.common.network.Selector.poll(Selector.java:283)
	at org.apache.kafka.clients.NetworkClient.poll(NetworkClient.java:260)
	at org.apache.kafka.clients.consumer.internals.ConsumerNetworkClient.clientPoll(ConsumerNetworkClient.java:360)
	at org.apache.kafka.clients.consumer.internals.ConsumerNetworkClient.poll(ConsumerNetworkClient.java:224)
	at org.apache.kafka.clients.consumer.internals.ConsumerNetworkClient.poll(ConsumerNetworkClient.java:192)
	at org.apache.kafka.clients.consumer.internals.ConsumerNetworkClient.awaitMetadataUpdate(ConsumerNetworkClient.java:134)
	at org.apache.kafka.clients.consumer.internals.AbstractCoordinator.ensureCoordinatorReady(AbstractCoordinator.java:183)
	at org.apache.kafka.clients.consumer.KafkaConsumer.pollOnce(KafkaConsumer.java:974)
	at org.apache.kafka.clients.consumer.KafkaConsumer.poll(KafkaConsumer.java:938)
	at consumers.ConsumerWithMetrics.main(ConsumerWithMetrics.java:16)
2018-10-07 15:14:29 DEBUG NetworkClient:463 - Node -1 disconnected.
2018-10-07 15:14:29 DEBUG NetworkClient:625 - Give up sending metadata request since no node is available
2018-10-07 15:14:29 DEBUG NetworkClient:644 - Initialize connection to node -1 for sending metadata request
2018-10-07 15:14:29 DEBUG NetworkClient:496 - Initiating connection to node -1 at localhost:9092.
2018-10-07 15:14:29 DEBUG Selector:345 - Connection with localhost/127.0.0.1 disconnected
java.net.ConnectException: Connection refused
	at sun.nio.ch.SocketChannelImpl.checkConnect(Native Method)
	at sun.nio.ch.SocketChannelImpl.finishConnect(SocketChannelImpl.java:717)
	at org.apache.kafka.common.network.PlaintextTransportLayer.finishConnect(PlaintextTransportLayer.java:51)
	at org.apache.kafka.common.network.KafkaChannel.finishConnect(KafkaChannel.java:73)
	at org.apache.kafka.common.network.Selector.pollSelectionKeys(Selector.java:309)
	at org.apache.kafka.common.network.Selector.poll(Selector.java:283)
	at org.apache.kafka.clients.NetworkClient.poll(NetworkClient.java:260)
	at org.apache.kafka.clients.consumer.internals.ConsumerNetworkClient.clientPoll(ConsumerNetworkClient.java:360)
	at org.apache.kafka.clients.consumer.internals.ConsumerNetworkClient.poll(ConsumerNetworkClient.java:224)
	at org.apache.kafka.clients.consumer.internals.ConsumerNetworkClient.poll(ConsumerNetworkClient.java:192)
	at org.apache.kafka.clients.consumer.internals.ConsumerNetworkClient.awaitMetadataUpdate(ConsumerNetworkClient.java:134)
	at org.apache.kafka.clients.consumer.internals.AbstractCoordinator.ensureCoordinatorReady(AbstractCoordinator.java:183)
	at org.apache.kafka.clients.consumer.KafkaConsumer.pollOnce(KafkaConsumer.java:974)
	at org.apache.kafka.clients.consumer.KafkaConsumer.poll(KafkaConsumer.java:938)
	at consumers.ConsumerWithMetrics.main(ConsumerWithMetrics.java:16)
2018-10-07 15:14:29 DEBUG NetworkClient:463 - Node -1 disconnected.
2018-10-07 15:14:29 DEBUG NetworkClient:625 - Give up sending metadata request since no node is available
2018-10-07 15:14:29 DEBUG NetworkClient:644 - Initialize connection to node -1 for sending metadata request
2018-10-07 15:14:29 DEBUG NetworkClient:496 - Initiating connection to node -1 at localhost:9092.
2018-10-07 15:14:29 DEBUG Selector:345 - Connection with localhost/127.0.0.1 disconnected
java.net.ConnectException: Connection refused
	at sun.nio.ch.SocketChannelImpl.checkConnect(Native Method)
	at sun.nio.ch.SocketChannelImpl.finishConnect(SocketChannelImpl.java:717)
	at org.apache.kafka.common.network.PlaintextTransportLayer.finishConnect(PlaintextTransportLayer.java:51)
	at org.apache.kafka.common.network.KafkaChannel.finishConnect(KafkaChannel.java:73)
	at org.apache.kafka.common.network.Selector.pollSelectionKeys(Selector.java:309)
	at org.apache.kafka.common.network.Selector.poll(Selector.java:283)
	at org.apache.kafka.clients.NetworkClient.poll(NetworkClient.java:260)
	at org.apache.kafka.clients.consumer.internals.ConsumerNetworkClient.clientPoll(ConsumerNetworkClient.java:360)
	at org.apache.kafka.clients.consumer.internals.ConsumerNetworkClient.poll(ConsumerNetworkClient.java:224)
	at org.apache.kafka.clients.consumer.internals.ConsumerNetworkClient.poll(ConsumerNetworkClient.java:192)
	at org.apache.kafka.clients.consumer.internals.ConsumerNetworkClient.awaitMetadataUpdate(ConsumerNetworkClient.java:134)
	at org.apache.kafka.clients.consumer.internals.AbstractCoordinator.ensureCoordinatorReady(AbstractCoordinator.java:183)
	at org.apache.kafka.clients.consumer.KafkaConsumer.pollOnce(KafkaConsumer.java:974)
	at org.apache.kafka.clients.consumer.KafkaConsumer.poll(KafkaConsumer.java:938)
	at consumers.ConsumerWithMetrics.main(ConsumerWithMetrics.java:16)
2018-10-07 15:14:29 DEBUG NetworkClient:463 - Node -1 disconnected.
2018-10-07 15:14:29 DEBUG NetworkClient:625 - Give up sending metadata request since no node is available
2018-10-07 15:14:29 DEBUG NetworkClient:644 - Initialize connection to node -1 for sending metadata request
2018-10-07 15:14:29 DEBUG NetworkClient:496 - Initiating connection to node -1 at localhost:9092.
2018-10-07 15:14:29 DEBUG Selector:345 - Connection with localhost/127.0.0.1 disconnected
java.net.ConnectException: Connection refused
	at sun.nio.ch.SocketChannelImpl.checkConnect(Native Method)
	at sun.nio.ch.SocketChannelImpl.finishConnect(SocketChannelImpl.java:717)
	at org.apache.kafka.common.network.PlaintextTransportLayer.finishConnect(PlaintextTransportLayer.java:51)
	at org.apache.kafka.common.network.KafkaChannel.finishConnect(KafkaChannel.java:73)
	at org.apache.kafka.common.network.Selector.pollSelectionKeys(Selector.java:309)
	at org.apache.kafka.common.network.Selector.poll(Selector.java:283)
	at org.apache.kafka.clients.NetworkClient.poll(NetworkClient.java:260)
	at org.apache.kafka.clients.consumer.internals.ConsumerNetworkClient.clientPoll(ConsumerNetworkClient.java:360)
	at org.apache.kafka.clients.consumer.internals.ConsumerNetworkClient.poll(ConsumerNetworkClient.java:224)
	at org.apache.kafka.clients.consumer.internals.ConsumerNetworkClient.poll(ConsumerNetworkClient.java:192)
	at org.apache.kafka.clients.consumer.internals.ConsumerNetworkClient.awaitMetadataUpdate(ConsumerNetworkClient.java:134)
	at org.apache.kafka.clients.consumer.internals.AbstractCoordinator.ensureCoordinatorReady(AbstractCoordinator.java:183)
	at org.apache.kafka.clients.consumer.KafkaConsumer.pollOnce(KafkaConsumer.java:974)
	at org.apache.kafka.clients.consumer.KafkaConsumer.poll(KafkaConsumer.java:938)
	at consumers.ConsumerWithMetrics.main(ConsumerWithMetrics.java:16)
2018-10-07 15:14:29 DEBUG NetworkClient:463 - Node -1 disconnected.
2018-10-07 15:14:29 DEBUG NetworkClient:625 - Give up sending metadata request since no node is available
2018-10-07 15:14:30 DEBUG NetworkClient:644 - Initialize connection to node -1 for sending metadata request
2018-10-07 15:14:30 DEBUG NetworkClient:496 - Initiating connection to node -1 at localhost:9092.
2018-10-07 15:14:30 DEBUG Selector:345 - Connection with localhost/127.0.0.1 disconnected
java.net.ConnectException: Connection refused
	at sun.nio.ch.SocketChannelImpl.checkConnect(Native Method)
	at sun.nio.ch.SocketChannelImpl.finishConnect(SocketChannelImpl.java:717)
	at org.apache.kafka.common.network.PlaintextTransportLayer.finishConnect(PlaintextTransportLayer.java:51)
	at org.apache.kafka.common.network.KafkaChannel.finishConnect(KafkaChannel.java:73)
	at org.apache.kafka.common.network.Selector.pollSelectionKeys(Selector.java:309)
	at org.apache.kafka.common.network.Selector.poll(Selector.java:283)
	at org.apache.kafka.clients.NetworkClient.poll(NetworkClient.java:260)
	at org.apache.kafka.clients.consumer.internals.ConsumerNetworkClient.clientPoll(ConsumerNetworkClient.java:360)
	at org.apache.kafka.clients.consumer.internals.ConsumerNetworkClient.poll(ConsumerNetworkClient.java:224)
	at org.apache.kafka.clients.consumer.internals.ConsumerNetworkClient.poll(ConsumerNetworkClient.java:192)
	at org.apache.kafka.clients.consumer.internals.ConsumerNetworkClient.awaitMetadataUpdate(ConsumerNetworkClient.java:134)
	at org.apache.kafka.clients.consumer.internals.AbstractCoordinator.ensureCoordinatorReady(AbstractCoordinator.java:183)
	at org.apache.kafka.clients.consumer.KafkaConsumer.pollOnce(KafkaConsumer.java:974)
	at org.apache.kafka.clients.consumer.KafkaConsumer.poll(KafkaConsumer.java:938)
	at consumers.ConsumerWithMetrics.main(ConsumerWithMetrics.java:16)
2018-10-07 15:14:30 DEBUG NetworkClient:463 - Node -1 disconnected.
2018-10-07 15:14:30 DEBUG NetworkClient:625 - Give up sending metadata request since no node is available
2018-10-07 15:14:30 DEBUG NetworkClient:644 - Initialize connection to node -1 for sending metadata request
2018-10-07 15:14:30 DEBUG NetworkClient:496 - Initiating connection to node -1 at localhost:9092.
2018-10-07 15:14:30 DEBUG Selector:345 - Connection with localhost/127.0.0.1 disconnected
java.net.ConnectException: Connection refused
	at sun.nio.ch.SocketChannelImpl.checkConnect(Native Method)
	at sun.nio.ch.SocketChannelImpl.finishConnect(SocketChannelImpl.java:717)
	at org.apache.kafka.common.network.PlaintextTransportLayer.finishConnect(PlaintextTransportLayer.java:51)
	at org.apache.kafka.common.network.KafkaChannel.finishConnect(KafkaChannel.java:73)
	at org.apache.kafka.common.network.Selector.pollSelectionKeys(Selector.java:309)
	at org.apache.kafka.common.network.Selector.poll(Selector.java:283)
	at org.apache.kafka.clients.NetworkClient.poll(NetworkClient.java:260)
	at org.apache.kafka.clients.consumer.internals.ConsumerNetworkClient.clientPoll(ConsumerNetworkClient.java:360)
	at org.apache.kafka.clients.consumer.internals.ConsumerNetworkClient.poll(ConsumerNetworkClient.java:224)
	at org.apache.kafka.clients.consumer.internals.ConsumerNetworkClient.poll(ConsumerNetworkClient.java:192)
	at org.apache.kafka.clients.consumer.internals.ConsumerNetworkClient.awaitMetadataUpdate(ConsumerNetworkClient.java:134)
	at org.apache.kafka.clients.consumer.internals.AbstractCoordinator.ensureCoordinatorReady(AbstractCoordinator.java:183)
	at org.apache.kafka.clients.consumer.KafkaConsumer.pollOnce(KafkaConsumer.java:974)
	at org.apache.kafka.clients.consumer.KafkaConsumer.poll(KafkaConsumer.java:938)
	at consumers.ConsumerWithMetrics.main(ConsumerWithMetrics.java:16)
2018-10-07 15:14:30 DEBUG NetworkClient:463 - Node -1 disconnected.
2018-10-07 15:14:30 DEBUG NetworkClient:625 - Give up sending metadata request since no node is available
2018-10-07 15:14:30 DEBUG NetworkClient:644 - Initialize connection to node -1 for sending metadata request
2018-10-07 15:14:30 DEBUG NetworkClient:496 - Initiating connection to node -1 at localhost:9092.
2018-10-07 15:14:30 DEBUG Selector:345 - Connection with localhost/127.0.0.1 disconnected
java.net.ConnectException: Connection refused
	at sun.nio.ch.SocketChannelImpl.checkConnect(Native Method)
	at sun.nio.ch.SocketChannelImpl.finishConnect(SocketChannelImpl.java:717)
	at org.apache.kafka.common.network.PlaintextTransportLayer.finishConnect(PlaintextTransportLayer.java:51)
	at org.apache.kafka.common.network.KafkaChannel.finishConnect(KafkaChannel.java:73)
	at org.apache.kafka.common.network.Selector.pollSelectionKeys(Selector.java:309)
	at org.apache.kafka.common.network.Selector.poll(Selector.java:283)
	at org.apache.kafka.clients.NetworkClient.poll(NetworkClient.java:260)
	at org.apache.kafka.clients.consumer.internals.ConsumerNetworkClient.clientPoll(ConsumerNetworkClient.java:360)
	at org.apache.kafka.clients.consumer.internals.ConsumerNetworkClient.poll(ConsumerNetworkClient.java:224)
	at org.apache.kafka.clients.consumer.internals.ConsumerNetworkClient.poll(ConsumerNetworkClient.java:192)
	at org.apache.kafka.clients.consumer.internals.ConsumerNetworkClient.awaitMetadataUpdate(ConsumerNetworkClient.java:134)
	at org.apache.kafka.clients.consumer.internals.AbstractCoordinator.ensureCoordinatorReady(AbstractCoordinator.java:183)
	at org.apache.kafka.clients.consumer.KafkaConsumer.pollOnce(KafkaConsumer.java:974)
	at org.apache.kafka.clients.consumer.KafkaConsumer.poll(KafkaConsumer.java:938)
	at consumers.ConsumerWithMetrics.main(ConsumerWithMetrics.java:16)
2018-10-07 15:14:30 DEBUG NetworkClient:463 - Node -1 disconnected.
2018-10-07 15:14:30 DEBUG NetworkClient:625 - Give up sending metadata request since no node is available
2018-10-07 15:14:30 DEBUG NetworkClient:644 - Initialize connection to node -1 for sending metadata request
2018-10-07 15:14:30 DEBUG NetworkClient:496 - Initiating connection to node -1 at localhost:9092.
2018-10-07 15:14:30 DEBUG Selector:345 - Connection with localhost/127.0.0.1 disconnected
java.net.ConnectException: Connection refused
	at sun.nio.ch.SocketChannelImpl.checkConnect(Native Method)
	at sun.nio.ch.SocketChannelImpl.finishConnect(SocketChannelImpl.java:717)
	at org.apache.kafka.common.network.PlaintextTransportLayer.finishConnect(PlaintextTransportLayer.java:51)
	at org.apache.kafka.common.network.KafkaChannel.finishConnect(KafkaChannel.java:73)
	at org.apache.kafka.common.network.Selector.pollSelectionKeys(Selector.java:309)
	at org.apache.kafka.common.network.Selector.poll(Selector.java:283)
	at org.apache.kafka.clients.NetworkClient.poll(NetworkClient.java:260)
	at org.apache.kafka.clients.consumer.internals.ConsumerNetworkClient.clientPoll(ConsumerNetworkClient.java:360)
	at org.apache.kafka.clients.consumer.internals.ConsumerNetworkClient.poll(ConsumerNetworkClient.java:224)
	at org.apache.kafka.clients.consumer.internals.ConsumerNetworkClient.poll(ConsumerNetworkClient.java:192)
	at org.apache.kafka.clients.consumer.internals.ConsumerNetworkClient.awaitMetadataUpdate(ConsumerNetworkClient.java:134)
	at org.apache.kafka.clients.consumer.internals.AbstractCoordinator.ensureCoordinatorReady(AbstractCoordinator.java:183)
	at org.apache.kafka.clients.consumer.KafkaConsumer.pollOnce(KafkaConsumer.java:974)
	at org.apache.kafka.clients.consumer.KafkaConsumer.poll(KafkaConsumer.java:938)
	at consumers.ConsumerWithMetrics.main(ConsumerWithMetrics.java:16)
2018-10-07 15:14:30 DEBUG NetworkClient:463 - Node -1 disconnected.
2018-10-07 15:14:30 DEBUG NetworkClient:625 - Give up sending metadata request since no node is available
2018-10-07 15:14:30 DEBUG ConsumerCoordinator:458 - Cannot auto-commit offsets for group test since the coordinator is unknown
2018-10-07 15:14:30 DEBUG NetworkClient:644 - Initialize connection to node -1 for sending metadata request
2018-10-07 15:14:30 DEBUG NetworkClient:496 - Initiating connection to node -1 at localhost:9092.
2018-10-07 15:14:30 DEBUG Selector:345 - Connection with localhost/127.0.0.1 disconnected
java.net.ConnectException: Connection refused
	at sun.nio.ch.SocketChannelImpl.checkConnect(Native Method)
	at sun.nio.ch.SocketChannelImpl.finishConnect(SocketChannelImpl.java:717)
	at org.apache.kafka.common.network.PlaintextTransportLayer.finishConnect(PlaintextTransportLayer.java:51)
	at org.apache.kafka.common.network.KafkaChannel.finishConnect(KafkaChannel.java:73)
	at org.apache.kafka.common.network.Selector.pollSelectionKeys(Selector.java:309)
	at org.apache.kafka.common.network.Selector.poll(Selector.java:283)
	at org.apache.kafka.clients.NetworkClient.poll(NetworkClient.java:260)
	at org.apache.kafka.clients.consumer.internals.ConsumerNetworkClient.clientPoll(ConsumerNetworkClient.java:360)
	at org.apache.kafka.clients.consumer.internals.ConsumerNetworkClient.poll(ConsumerNetworkClient.java:224)
	at org.apache.kafka.clients.consumer.internals.ConsumerNetworkClient.poll(ConsumerNetworkClient.java:192)
	at org.apache.kafka.clients.consumer.internals.ConsumerNetworkClient.awaitMetadataUpdate(ConsumerNetworkClient.java:134)
	at org.apache.kafka.clients.consumer.internals.AbstractCoordinator.ensureCoordinatorReady(AbstractCoordinator.java:183)
	at org.apache.kafka.clients.consumer.KafkaConsumer.pollOnce(KafkaConsumer.java:974)
	at org.apache.kafka.clients.consumer.KafkaConsumer.poll(KafkaConsumer.java:938)
	at consumers.ConsumerWithMetrics.main(ConsumerWithMetrics.java:16)
2018-10-07 15:14:30 DEBUG NetworkClient:463 - Node -1 disconnected.
2018-10-07 15:14:30 DEBUG NetworkClient:625 - Give up sending metadata request since no node is available
2018-10-07 15:14:30 DEBUG ConsumerCoordinator:458 - Cannot auto-commit offsets for group test since the coordinator is unknown
